{
"contracts/Airdrop.sol":{"l":{"13":0,"14":0,"15":0,"16":0,"21":0,"22":0,"23":0,"24":0,"25":0,"26":0,"28":0,"30":0},"path":"/Users/marcoruggeri/code/NEWbegin/ethereum/ghst-staking/contracts/Airdrop.sol","s":{"1":0,"2":0,"3":0,"4":0,"5":0,"6":0,"7":0,"8":0,"9":0,"10":0,"11":0,"12":0},"b":{"1":[0,0],"2":[0,0],"3":[0,0],"4":[0,0],"5":[0,0],"6":[0,0]},"f":{"1":0,"2":0},"fnMap":{"1":{"name":"airdropToken","line":8,"loc":{"start":{"line":8,"column":4},"end":{"line":18,"column":4}}},"2":{"name":"airdropMatic","line":20,"loc":{"start":{"line":20,"column":4},"end":{"line":34,"column":4}}}},"statementMap":{"1":{"start":{"line":13,"column":8},"end":{"line":13,"column":105}},"2":{"start":{"line":14,"column":8},"end":{"line":14,"column":62}},"3":{"start":{"line":15,"column":8},"end":{"line":15,"column":478}},"4":{"start":{"line":16,"column":12},"end":{"line":16,"column":80}},"5":{"start":{"line":21,"column":8},"end":{"line":21,"column":105}},"6":{"start":{"line":22,"column":8},"end":{"line":22,"column":62}},"7":{"start":{"line":23,"column":8},"end":{"line":23,"column":918}},"8":{"start":{"line":24,"column":12},"end":{"line":24,"column":90}},"9":{"start":{"line":25,"column":12},"end":{"line":25,"column":1072}},"10":{"start":{"line":26,"column":16},"end":{"line":26,"column":1116}},"11":{"start":{"line":28,"column":20},"end":{"line":28,"column":39}},"12":{"start":{"line":30,"column":20},"end":{"line":30,"column":49}}},"branchMap":{"1":{"line":13,"type":"if","locations":[{"start":{"line":13,"column":8},"end":{"line":13,"column":8}},{"start":{"line":13,"column":8},"end":{"line":13,"column":8}}]},"2":{"line":14,"type":"if","locations":[{"start":{"line":14,"column":8},"end":{"line":14,"column":8}},{"start":{"line":14,"column":8},"end":{"line":14,"column":8}}]},"3":{"line":21,"type":"if","locations":[{"start":{"line":21,"column":8},"end":{"line":21,"column":8}},{"start":{"line":21,"column":8},"end":{"line":21,"column":8}}]},"4":{"line":22,"type":"if","locations":[{"start":{"line":22,"column":8},"end":{"line":22,"column":8}},{"start":{"line":22,"column":8},"end":{"line":22,"column":8}}]},"5":{"line":25,"type":"if","locations":[{"start":{"line":25,"column":12},"end":{"line":25,"column":12}},{"start":{"line":25,"column":12},"end":{"line":25,"column":12}}]},"6":{"line":26,"type":"if","locations":[{"start":{"line":26,"column":16},"end":{"line":26,"column":16}},{"start":{"line":26,"column":16},"end":{"line":26,"column":16}}]}}},
"contracts/facets/DiamondCutFacet.sol":{"l":{"27":0,"28":0,"29":0,"30":0,"31":0,"33":0,"35":0,"38":0,"39":0,"47":0,"48":0,"51":0,"52":0,"54":0,"55":0},"path":"/Users/marcoruggeri/code/NEWbegin/ethereum/ghst-staking/contracts/facets/DiamondCutFacet.sol","s":{"1":0,"2":0,"3":0,"4":0,"5":0,"6":0,"7":0,"8":0,"9":0,"10":0,"11":0,"12":0,"13":0,"14":0,"15":0},"b":{"1":[0,0],"2":[0,0],"3":[0,0]},"f":{"1":0},"fnMap":{"1":{"name":"diamondCut","line":22,"loc":{"start":{"line":22,"column":4},"end":{"line":56,"column":4}}}},"statementMap":{"1":{"start":{"line":27,"column":8},"end":{"line":27,"column":42}},"2":{"start":{"line":28,"column":8},"end":{"line":28,"column":74}},"3":{"start":{"line":29,"column":8},"end":{"line":29,"column":56}},"4":{"start":{"line":30,"column":8},"end":{"line":30,"column":53}},"5":{"start":{"line":31,"column":8},"end":{"line":31,"column":28}},"6":{"start":{"line":33,"column":8},"end":{"line":33,"column":1512}},"7":{"start":{"line":35,"column":12},"end":{"line":35,"column":61}},"8":{"start":{"line":38,"column":8},"end":{"line":38,"column":1696}},"9":{"start":{"line":39,"column":12},"end":{"line":39,"column":1786}},"10":{"start":{"line":47,"column":8},"end":{"line":47,"column":2111}},"11":{"start":{"line":48,"column":12},"end":{"line":48,"column":51}},"12":{"start":{"line":51,"column":8},"end":{"line":51,"column":2274}},"13":{"start":{"line":52,"column":12},"end":{"line":52,"column":61}},"14":{"start":{"line":54,"column":8},"end":{"line":54,"column":54}},"15":{"start":{"line":55,"column":8},"end":{"line":55,"column":56}}},"branchMap":{"1":{"line":33,"type":"if","locations":[{"start":{"line":33,"column":8},"end":{"line":33,"column":8}},{"start":{"line":33,"column":8},"end":{"line":33,"column":8}}]},"2":{"line":47,"type":"if","locations":[{"start":{"line":47,"column":8},"end":{"line":47,"column":8}},{"start":{"line":47,"column":8},"end":{"line":47,"column":8}}]},"3":{"line":51,"type":"if","locations":[{"start":{"line":51,"column":8},"end":{"line":51,"column":8}},{"start":{"line":51,"column":8},"end":{"line":51,"column":8}}]}}},
"contracts/facets/DiamondLoupeFacet.sol":{"l":{"27":0,"28":0,"29":0,"30":0,"31":0,"33":0,"34":0,"35":0,"36":0,"37":0,"38":0,"40":0,"41":0,"42":0,"43":0,"44":0,"45":0,"47":0,"48":0,"49":0,"50":0,"53":0,"54":0,"55":0,"57":0,"58":0,"59":0,"60":0,"61":0,"64":0,"65":0,"66":0,"68":0,"73":0,"82":0,"83":0,"84":0,"85":0,"87":0,"88":0,"89":0,"90":0,"91":0,"92":0,"94":0,"95":0,"96":0,"97":0,"98":0,"103":0,"111":0,"112":0,"113":0,"114":0,"116":0,"117":0,"118":0,"119":0,"120":0,"121":0,"123":0,"124":0,"125":0,"126":0,"127":0,"128":0,"129":0,"132":0,"133":0,"134":0,"136":0,"137":0,"141":0,"151":0,"152":0,"157":0,"158":0},"path":"/Users/marcoruggeri/code/NEWbegin/ethereum/ghst-staking/contracts/facets/DiamondLoupeFacet.sol","s":{"1":0,"2":0,"3":0,"4":0,"5":0,"6":0,"7":0,"8":0,"9":0,"10":0,"11":0,"12":0,"13":0,"14":0,"15":0,"16":0,"17":0,"18":0,"19":0,"20":0,"21":0,"22":0,"23":0,"24":0,"25":0,"26":0,"27":0,"28":0,"29":0,"30":0,"31":0,"32":0,"33":0,"34":0,"35":0,"36":0,"37":0,"38":0,"39":0,"40":0,"41":0,"42":0,"43":0,"44":0,"45":0,"46":0,"47":0,"48":0,"49":0,"50":0,"51":0,"52":0,"53":0,"54":0,"55":0,"56":0,"57":0,"58":0,"59":0},"b":{"1":[0,0],"2":[0,0],"3":[0,0],"4":[0,0],"5":[0,0],"6":[0,0],"7":[0,0],"8":[0,0],"9":[0,0]},"f":{"1":0,"2":0,"3":0,"4":0,"5":0},"fnMap":{"1":{"name":"facets","line":26,"loc":{"start":{"line":26,"column":4},"end":{"line":76,"column":4}}},"2":{"name":"facetFunctionSelectors","line":81,"loc":{"start":{"line":81,"column":4},"end":{"line":106,"column":4}}},"3":{"name":"facetAddresses","line":110,"loc":{"start":{"line":110,"column":4},"end":{"line":144,"column":4}}},"4":{"name":"facetAddress","line":150,"loc":{"start":{"line":150,"column":4},"end":{"line":153,"column":4}}},"5":{"name":"supportsInterface","line":156,"loc":{"start":{"line":156,"column":4},"end":{"line":159,"column":4}}}},"statementMap":{"1":{"start":{"line":27,"column":8},"end":{"line":27,"column":74}},"2":{"start":{"line":28,"column":8},"end":{"line":28,"column":46}},"3":{"start":{"line":29,"column":8},"end":{"line":29,"column":72}},"4":{"start":{"line":30,"column":8},"end":{"line":30,"column":25}},"5":{"start":{"line":31,"column":8},"end":{"line":31,"column":29}},"6":{"start":{"line":33,"column":8},"end":{"line":33,"column":1360}},"7":{"start":{"line":34,"column":12},"end":{"line":34,"column":54}},"8":{"start":{"line":35,"column":12},"end":{"line":35,"column":1505}},"9":{"start":{"line":37,"column":16},"end":{"line":37,"column":1636}},"10":{"start":{"line":40,"column":16},"end":{"line":40,"column":74}},"11":{"start":{"line":41,"column":16},"end":{"line":41,"column":77}},"12":{"start":{"line":42,"column":16},"end":{"line":42,"column":41}},"13":{"start":{"line":43,"column":16},"end":{"line":43,"column":1935}},"14":{"start":{"line":44,"column":20},"end":{"line":44,"column":2024}},"15":{"start":{"line":45,"column":24},"end":{"line":45,"column":102}},"16":{"start":{"line":47,"column":24},"end":{"line":47,"column":67}},"17":{"start":{"line":49,"column":24},"end":{"line":49,"column":42}},"18":{"start":{"line":53,"column":16},"end":{"line":53,"column":2541}},"19":{"start":{"line":54,"column":20},"end":{"line":54,"column":39}},"20":{"start":{"line":57,"column":16},"end":{"line":57,"column":62}},"21":{"start":{"line":58,"column":16},"end":{"line":58,"column":84}},"22":{"start":{"line":59,"column":16},"end":{"line":59,"column":65}},"23":{"start":{"line":60,"column":16},"end":{"line":60,"column":47}},"24":{"start":{"line":64,"column":8},"end":{"line":64,"column":2974}},"25":{"start":{"line":65,"column":12},"end":{"line":65,"column":64}},"26":{"start":{"line":66,"column":12},"end":{"line":66,"column":77}},"27":{"start":{"line":82,"column":8},"end":{"line":82,"column":74}},"28":{"start":{"line":83,"column":8},"end":{"line":83,"column":28}},"29":{"start":{"line":84,"column":8},"end":{"line":84,"column":63}},"30":{"start":{"line":85,"column":8},"end":{"line":85,"column":29}},"31":{"start":{"line":87,"column":8},"end":{"line":87,"column":4029}},"32":{"start":{"line":88,"column":12},"end":{"line":88,"column":54}},"33":{"start":{"line":89,"column":12},"end":{"line":89,"column":4174}},"34":{"start":{"line":91,"column":16},"end":{"line":91,"column":4305}},"35":{"start":{"line":94,"column":16},"end":{"line":94,"column":74}},"36":{"start":{"line":95,"column":16},"end":{"line":95,"column":69}},"37":{"start":{"line":96,"column":16},"end":{"line":96,"column":4553}},"38":{"start":{"line":97,"column":20},"end":{"line":97,"column":67}},"39":{"start":{"line":111,"column":8},"end":{"line":111,"column":74}},"40":{"start":{"line":112,"column":8},"end":{"line":112,"column":56}},"41":{"start":{"line":113,"column":8},"end":{"line":113,"column":25}},"42":{"start":{"line":114,"column":8},"end":{"line":114,"column":29}},"43":{"start":{"line":116,"column":8},"end":{"line":116,"column":5299}},"44":{"start":{"line":117,"column":12},"end":{"line":117,"column":54}},"45":{"start":{"line":118,"column":12},"end":{"line":118,"column":5444}},"46":{"start":{"line":120,"column":16},"end":{"line":120,"column":5575}},"47":{"start":{"line":123,"column":16},"end":{"line":123,"column":74}},"48":{"start":{"line":124,"column":16},"end":{"line":124,"column":77}},"49":{"start":{"line":125,"column":16},"end":{"line":125,"column":41}},"50":{"start":{"line":126,"column":16},"end":{"line":126,"column":5874}},"51":{"start":{"line":127,"column":20},"end":{"line":127,"column":5963}},"52":{"start":{"line":128,"column":24},"end":{"line":128,"column":42}},"53":{"start":{"line":132,"column":16},"end":{"line":132,"column":6143}},"54":{"start":{"line":133,"column":20},"end":{"line":133,"column":39}},"55":{"start":{"line":136,"column":16},"end":{"line":136,"column":57}},"56":{"start":{"line":151,"column":8},"end":{"line":151,"column":74}},"57":{"start":{"line":152,"column":8},"end":{"line":152,"column":69}},"58":{"start":{"line":157,"column":8},"end":{"line":157,"column":74}},"59":{"start":{"line":158,"column":8},"end":{"line":158,"column":51}}},"branchMap":{"1":{"line":37,"type":"if","locations":[{"start":{"line":37,"column":16},"end":{"line":37,"column":16}},{"start":{"line":37,"column":16},"end":{"line":37,"column":16}}]},"2":{"line":44,"type":"if","locations":[{"start":{"line":44,"column":20},"end":{"line":44,"column":20}},{"start":{"line":44,"column":20},"end":{"line":44,"column":20}}]},"3":{"line":47,"type":"if","locations":[{"start":{"line":47,"column":24},"end":{"line":47,"column":24}},{"start":{"line":47,"column":24},"end":{"line":47,"column":24}}]},"4":{"line":53,"type":"if","locations":[{"start":{"line":53,"column":16},"end":{"line":53,"column":16}},{"start":{"line":53,"column":16},"end":{"line":53,"column":16}}]},"5":{"line":91,"type":"if","locations":[{"start":{"line":91,"column":16},"end":{"line":91,"column":16}},{"start":{"line":91,"column":16},"end":{"line":91,"column":16}}]},"6":{"line":96,"type":"if","locations":[{"start":{"line":96,"column":16},"end":{"line":96,"column":16}},{"start":{"line":96,"column":16},"end":{"line":96,"column":16}}]},"7":{"line":120,"type":"if","locations":[{"start":{"line":120,"column":16},"end":{"line":120,"column":16}},{"start":{"line":120,"column":16},"end":{"line":120,"column":16}}]},"8":{"line":127,"type":"if","locations":[{"start":{"line":127,"column":20},"end":{"line":127,"column":20}},{"start":{"line":127,"column":20},"end":{"line":127,"column":20}}]},"9":{"line":132,"type":"if","locations":[{"start":{"line":132,"column":16},"end":{"line":132,"column":16}},{"start":{"line":132,"column":16},"end":{"line":132,"column":16}}]}}},
"contracts/facets/GHSTStakingTokenFacet.sol":{"l":{"17":0,"21":0,"25":0,"29":0,"33":0,"37":0,"38":0,"39":0,"40":0,"41":0,"42":0,"43":0,"51":0,"52":0,"53":0,"54":0,"55":0,"56":0,"57":0,"58":0,"61":0,"62":0,"63":0,"64":0,"65":0,"69":0,"70":0,"71":0,"72":0,"76":0,"77":0,"78":0,"79":0,"80":0,"81":0,"82":0,"86":0,"87":0,"88":0,"89":0,"90":0,"91":0,"92":0,"96":0},"path":"/Users/marcoruggeri/code/NEWbegin/ethereum/ghst-staking/contracts/facets/GHSTStakingTokenFacet.sol","s":{"1":0,"2":0,"3":0,"4":0,"5":0,"6":0,"7":0,"8":0,"9":0,"10":0,"11":0,"12":0,"13":0,"14":0,"15":0,"16":0,"17":0,"18":0,"19":0,"20":0,"21":0,"22":0,"23":0,"24":0,"25":0,"26":0,"27":0,"28":0,"29":0,"30":0,"31":0,"32":0,"33":0,"34":0,"35":0,"36":0,"37":0,"38":0,"39":0,"40":0,"41":0,"42":0,"43":0,"44":0},"b":{"1":[0,0],"2":[0,0],"3":[0,0],"4":[0,0],"5":[0,0],"6":[0,0],"7":[0,0]},"f":{"1":0,"2":0,"3":0,"4":0,"5":0,"6":0,"7":0,"8":0,"9":0,"10":0,"11":0},"fnMap":{"1":{"name":"name","line":16,"loc":{"start":{"line":16,"column":4},"end":{"line":18,"column":4}}},"2":{"name":"symbol","line":20,"loc":{"start":{"line":20,"column":4},"end":{"line":22,"column":4}}},"3":{"name":"decimals","line":24,"loc":{"start":{"line":24,"column":4},"end":{"line":26,"column":4}}},"4":{"name":"totalSupply","line":28,"loc":{"start":{"line":28,"column":4},"end":{"line":30,"column":4}}},"5":{"name":"balanceOf","line":32,"loc":{"start":{"line":32,"column":4},"end":{"line":34,"column":4}}},"6":{"name":"transfer","line":36,"loc":{"start":{"line":36,"column":4},"end":{"line":44,"column":4}}},"7":{"name":"transferFrom","line":46,"loc":{"start":{"line":46,"column":4},"end":{"line":66,"column":4}}},"8":{"name":"approve","line":68,"loc":{"start":{"line":68,"column":4},"end":{"line":73,"column":4}}},"9":{"name":"increaseAllowance","line":75,"loc":{"start":{"line":75,"column":4},"end":{"line":83,"column":4}}},"10":{"name":"decreaseAllowance","line":85,"loc":{"start":{"line":85,"column":4},"end":{"line":93,"column":4}}},"11":{"name":"allowance","line":95,"loc":{"start":{"line":95,"column":4},"end":{"line":97,"column":4}}}},"statementMap":{"1":{"start":{"line":17,"column":8},"end":{"line":17,"column":37}},"2":{"start":{"line":21,"column":8},"end":{"line":21,"column":30}},"3":{"start":{"line":25,"column":8},"end":{"line":25,"column":17}},"4":{"start":{"line":29,"column":8},"end":{"line":29,"column":45}},"5":{"start":{"line":33,"column":8},"end":{"line":33,"column":54}},"6":{"start":{"line":37,"column":8},"end":{"line":37,"column":44}},"7":{"start":{"line":38,"column":8},"end":{"line":38,"column":66}},"8":{"start":{"line":39,"column":8},"end":{"line":39,"column":80}},"9":{"start":{"line":40,"column":8},"end":{"line":40,"column":66}},"10":{"start":{"line":41,"column":8},"end":{"line":41,"column":50}},"11":{"start":{"line":42,"column":8},"end":{"line":42,"column":42}},"12":{"start":{"line":43,"column":8},"end":{"line":43,"column":21}},"13":{"start":{"line":51,"column":8},"end":{"line":51,"column":44}},"14":{"start":{"line":52,"column":8},"end":{"line":52,"column":65}},"15":{"start":{"line":53,"column":8},"end":{"line":53,"column":1714}},"16":{"start":{"line":54,"column":12},"end":{"line":54,"column":87}},"17":{"start":{"line":55,"column":12},"end":{"line":55,"column":100}},"18":{"start":{"line":56,"column":12},"end":{"line":56,"column":1945}},"19":{"start":{"line":57,"column":16},"end":{"line":57,"column":91}},"20":{"start":{"line":58,"column":16},"end":{"line":58,"column":66}},"21":{"start":{"line":61,"column":8},"end":{"line":61,"column":80}},"22":{"start":{"line":62,"column":8},"end":{"line":62,"column":65}},"23":{"start":{"line":63,"column":8},"end":{"line":63,"column":50}},"24":{"start":{"line":64,"column":8},"end":{"line":64,"column":41}},"25":{"start":{"line":65,"column":8},"end":{"line":65,"column":21}},"26":{"start":{"line":69,"column":8},"end":{"line":69,"column":44}},"27":{"start":{"line":70,"column":8},"end":{"line":70,"column":72}},"28":{"start":{"line":71,"column":8},"end":{"line":71,"column":47}},"29":{"start":{"line":72,"column":8},"end":{"line":72,"column":22}},"30":{"start":{"line":76,"column":8},"end":{"line":76,"column":44}},"31":{"start":{"line":77,"column":8},"end":{"line":77,"column":86}},"32":{"start":{"line":78,"column":8},"end":{"line":78,"column":51}},"33":{"start":{"line":79,"column":8},"end":{"line":79,"column":93}},"34":{"start":{"line":80,"column":8},"end":{"line":80,"column":78}},"35":{"start":{"line":81,"column":8},"end":{"line":81,"column":53}},"36":{"start":{"line":82,"column":8},"end":{"line":82,"column":21}},"37":{"start":{"line":86,"column":8},"end":{"line":86,"column":44}},"38":{"start":{"line":87,"column":8},"end":{"line":87,"column":86}},"39":{"start":{"line":88,"column":8},"end":{"line":88,"column":85}},"40":{"start":{"line":89,"column":8},"end":{"line":89,"column":28}},"41":{"start":{"line":90,"column":8},"end":{"line":90,"column":77}},"42":{"start":{"line":91,"column":8},"end":{"line":91,"column":52}},"43":{"start":{"line":92,"column":8},"end":{"line":92,"column":21}},"44":{"start":{"line":96,"column":8},"end":{"line":96,"column":76}}},"branchMap":{"1":{"line":39,"type":"if","locations":[{"start":{"line":39,"column":8},"end":{"line":39,"column":8}},{"start":{"line":39,"column":8},"end":{"line":39,"column":8}}]},"2":{"line":53,"type":"if","locations":[{"start":{"line":53,"column":8},"end":{"line":53,"column":8}},{"start":{"line":53,"column":8},"end":{"line":53,"column":8}}]},"3":{"line":55,"type":"if","locations":[{"start":{"line":55,"column":12},"end":{"line":55,"column":12}},{"start":{"line":55,"column":12},"end":{"line":55,"column":12}}]},"4":{"line":56,"type":"if","locations":[{"start":{"line":56,"column":12},"end":{"line":56,"column":12}},{"start":{"line":56,"column":12},"end":{"line":56,"column":12}}]},"5":{"line":61,"type":"if","locations":[{"start":{"line":61,"column":8},"end":{"line":61,"column":8}},{"start":{"line":61,"column":8},"end":{"line":61,"column":8}}]},"6":{"line":79,"type":"if","locations":[{"start":{"line":79,"column":8},"end":{"line":79,"column":8}},{"start":{"line":79,"column":8},"end":{"line":79,"column":8}}]},"7":{"line":88,"type":"if","locations":[{"start":{"line":88,"column":8},"end":{"line":88,"column":8}},{"start":{"line":88,"column":8},"end":{"line":88,"column":8}}]}}},
"contracts/facets/MetaTransactionsFacet.sol":{"l":{"18":0,"19":0,"25":0,"31":0,"32":0,"35":0,"41":0,"52":0,"56":0,"60":0,"70":0,"71":0,"72":0,"93":0,"94":0,"95":0,"96":0,"97":0,"98":0,"100":0,"102":0,"103":0,"104":0},"path":"/Users/marcoruggeri/code/NEWbegin/ethereum/ghst-staking/contracts/facets/MetaTransactionsFacet.sol","s":{"1":0,"2":0,"3":0,"4":0,"5":0,"6":0,"7":0,"8":0,"9":0,"10":0,"11":0,"12":0,"13":0,"14":0,"15":0,"16":0,"17":0,"18":0,"19":0,"20":0,"21":0},"b":{"1":[0,0],"2":[0,0],"3":[0,0],"4":[0,0],"5":[0,0]},"f":{"1":0,"2":0,"3":0,"4":0,"5":0,"6":0,"7":0,"8":0,"9":0},"fnMap":{"1":{"name":"setDomainSeparator","line":17,"loc":{"start":{"line":17,"column":4},"end":{"line":22,"column":4}}},"2":{"name":"getChainID","line":24,"loc":{"start":{"line":24,"column":4},"end":{"line":28,"column":4}}},"3":{"name":"convertBytesToBytes4","line":30,"loc":{"start":{"line":30,"column":4},"end":{"line":38,"column":4}}},"4":{"name":"getDomainSeparator","line":40,"loc":{"start":{"line":40,"column":4},"end":{"line":42,"column":4}}},"5":{"name":"toTypedMessageHash","line":51,"loc":{"start":{"line":51,"column":4},"end":{"line":53,"column":4}}},"6":{"name":"hashMetaTransaction","line":55,"loc":{"start":{"line":55,"column":4},"end":{"line":57,"column":4}}},"7":{"name":"getNonce","line":59,"loc":{"start":{"line":59,"column":4},"end":{"line":61,"column":4}}},"8":{"name":"verify","line":63,"loc":{"start":{"line":63,"column":4},"end":{"line":73,"column":4}}},"9":{"name":"executeMetaTransaction","line":86,"loc":{"start":{"line":86,"column":4},"end":{"line":105,"column":4}}}},"statementMap":{"1":{"start":{"line":18,"column":8},"end":{"line":18,"column":42}},"2":{"start":{"line":19,"column":8},"end":{"line":19,"column":804}},"3":{"start":{"line":31,"column":8},"end":{"line":31,"column":1214}},"4":{"start":{"line":32,"column":12},"end":{"line":32,"column":22}},"5":{"start":{"line":41,"column":8},"end":{"line":41,"column":32}},"6":{"start":{"line":52,"column":8},"end":{"line":52,"column":89}},"7":{"start":{"line":56,"column":8},"end":{"line":56,"column":127}},"8":{"start":{"line":60,"column":8},"end":{"line":60,"column":34}},"9":{"start":{"line":70,"column":8},"end":{"line":70,"column":101}},"10":{"start":{"line":71,"column":8},"end":{"line":71,"column":57}},"11":{"start":{"line":72,"column":8},"end":{"line":72,"column":29}},"12":{"start":{"line":93,"column":8},"end":{"line":93,"column":79}},"13":{"start":{"line":94,"column":8},"end":{"line":94,"column":114}},"14":{"start":{"line":95,"column":8},"end":{"line":95,"column":49}},"15":{"start":{"line":96,"column":8},"end":{"line":96,"column":128}},"16":{"start":{"line":97,"column":8},"end":{"line":97,"column":98}},"17":{"start":{"line":98,"column":8},"end":{"line":98,"column":44}},"18":{"start":{"line":100,"column":8},"end":{"line":100,"column":118}},"19":{"start":{"line":102,"column":8},"end":{"line":102,"column":55}},"20":{"start":{"line":103,"column":8},"end":{"line":103,"column":89}},"21":{"start":{"line":104,"column":8},"end":{"line":104,"column":25}}},"branchMap":{"1":{"line":31,"type":"if","locations":[{"start":{"line":31,"column":8},"end":{"line":31,"column":8}},{"start":{"line":31,"column":8},"end":{"line":31,"column":8}}]},"2":{"line":71,"type":"if","locations":[{"start":{"line":71,"column":8},"end":{"line":71,"column":8}},{"start":{"line":71,"column":8},"end":{"line":71,"column":8}}]},"3":{"line":94,"type":"if","locations":[{"start":{"line":94,"column":8},"end":{"line":94,"column":8}},{"start":{"line":94,"column":8},"end":{"line":94,"column":8}}]},"4":{"line":97,"type":"if","locations":[{"start":{"line":97,"column":8},"end":{"line":97,"column":8}},{"start":{"line":97,"column":8},"end":{"line":97,"column":8}}]},"5":{"line":102,"type":"if","locations":[{"start":{"line":102,"column":8},"end":{"line":102,"column":8}},{"start":{"line":102,"column":8},"end":{"line":102,"column":8}}]}}},
"contracts/facets/OwnershipFacet.sol":{"l":{"9":0,"10":0,"14":0},"path":"/Users/marcoruggeri/code/NEWbegin/ethereum/ghst-staking/contracts/facets/OwnershipFacet.sol","s":{"1":0,"2":0,"3":0},"b":{},"f":{"1":0,"2":0},"fnMap":{"1":{"name":"transferOwnership","line":8,"loc":{"start":{"line":8,"column":4},"end":{"line":11,"column":4}}},"2":{"name":"owner","line":13,"loc":{"start":{"line":13,"column":4},"end":{"line":15,"column":4}}}},"statementMap":{"1":{"start":{"line":9,"column":8},"end":{"line":9,"column":42}},"2":{"start":{"line":10,"column":8},"end":{"line":10,"column":45}},"3":{"start":{"line":14,"column":8},"end":{"line":14,"column":42}}},"branchMap":{}},
"contracts/facets/StakingFacet.sol":{"l":{"73":0,"77":0,"81":0,"82":0,"86":0,"91":0,"92":0,"93":0,"94":0,"95":0,"96":0,"97":0,"102":0,"103":0,"105":0,"106":0,"107":0,"108":0,"109":0,"114":0,"115":0,"116":0,"118":0,"121":0,"122":0,"123":0,"125":0,"126":0,"129":0,"134":0,"137":0,"139":0,"140":0,"142":0,"143":0,"144":0,"147":0,"151":0,"152":0,"154":0,"155":0,"156":0,"157":0,"158":0,"159":0,"165":0,"166":0,"169":0,"170":0,"172":0,"175":0,"178":0,"180":0,"181":0,"182":0,"190":0,"194":0,"196":0,"197":0,"200":0,"202":0,"204":0,"207":0,"211":0,"212":0,"213":0,"222":0,"223":0,"224":0,"226":0,"227":0,"228":0,"229":0,"231":0,"232":0,"236":0,"237":0,"238":0,"240":0,"241":0,"244":0,"245":0,"248":0,"252":0,"255":0,"256":0,"259":0,"262":0,"263":0,"266":0,"267":0,"268":0,"271":0,"276":0,"277":0,"278":0,"279":0,"280":0,"284":0,"286":0,"288":0,"291":0,"292":0,"293":0,"294":0,"295":0,"296":0,"297":0,"300":0,"303":0,"305":0,"309":0,"310":0,"311":0,"314":0,"315":0,"319":0,"321":0,"325":0,"327":0,"329":0,"332":0,"333":0,"336":0,"337":0,"340":0,"342":0,"344":0,"348":0,"349":0,"351":0,"352":0,"354":0,"356":0,"358":0,"361":0,"363":0,"368":0,"369":0,"374":0,"375":0,"376":0,"379":0,"383":0,"384":0,"385":0,"386":0,"389":0,"390":0,"391":0,"392":0,"395":0,"396":0,"397":0,"400":0,"402":0,"410":0,"414":0,"418":0,"422":0,"426":0,"430":0,"434":0,"438":0,"446":0,"450":0,"454":0,"458":0,"471":0,"472":0,"473":0,"474":0,"475":0,"477":0,"478":0,"479":0,"480":0,"489":0,"491":0,"492":0,"493":0,"494":0,"495":0,"496":0,"497":0,"498":0,"499":0,"500":0,"501":0,"502":0,"503":0,"504":0,"506":0,"507":0,"508":0,"509":0,"512":0,"513":0,"521":0,"522":0,"523":0,"524":0,"525":0,"526":0,"527":0,"528":0,"530":0,"531":0,"532":0,"533":0,"534":0,"535":0,"537":0,"538":0,"540":0,"541":0,"543":0,"545":0,"546":0,"547":0,"549":0,"550":0,"552":0,"553":0,"555":0,"556":0,"558":0,"560":0,"561":0,"564":0,"565":0,"574":0,"575":0,"577":0,"579":0,"581":0,"583":0,"585":0,"587":0,"589":0,"598":0,"599":0,"603":0,"607":0,"608":0,"609":0,"610":0,"615":0,"616":0,"617":0,"618":0},"path":"/Users/marcoruggeri/code/NEWbegin/ethereum/ghst-staking/contracts/facets/StakingFacet.sol","s":{"1":0,"2":0,"3":0,"4":0,"5":0,"6":0,"7":0,"8":0,"9":0,"10":0,"11":0,"12":0,"13":0,"14":0,"15":0,"16":0,"17":0,"18":0,"19":0,"20":0,"21":0,"22":0,"23":0,"24":0,"25":0,"26":0,"27":0,"28":0,"29":0,"30":0,"31":0,"32":0,"33":0,"34":0,"35":0,"36":0,"37":0,"38":0,"39":0,"40":0,"41":0,"42":0,"43":0,"44":0,"45":0,"46":0,"47":0,"48":0,"49":0,"50":0,"51":0,"52":0,"53":0,"54":0,"55":0,"56":0,"57":0,"58":0,"59":0,"60":0,"61":0,"62":0,"63":0,"64":0,"65":0,"66":0,"67":0,"68":0,"69":0,"70":0,"71":0,"72":0,"73":0,"74":0,"75":0,"76":0,"77":0,"78":0,"79":0,"80":0,"81":0,"82":0,"83":0,"84":0,"85":0,"86":0,"87":0,"88":0,"89":0,"90":0,"91":0,"92":0,"93":0,"94":0,"95":0,"96":0,"97":0,"98":0,"99":0,"100":0,"101":0,"102":0,"103":0,"104":0,"105":0,"106":0,"107":0,"108":0,"109":0,"110":0,"111":0,"112":0,"113":0,"114":0,"115":0,"116":0,"117":0,"118":0,"119":0,"120":0,"121":0,"122":0,"123":0,"124":0,"125":0,"126":0,"127":0,"128":0,"129":0,"130":0,"131":0,"132":0,"133":0,"134":0,"135":0,"136":0,"137":0,"138":0,"139":0,"140":0,"141":0,"142":0,"143":0,"144":0,"145":0,"146":0,"147":0,"148":0,"149":0,"150":0,"151":0,"152":0,"153":0,"154":0,"155":0,"156":0,"157":0,"158":0,"159":0,"160":0,"161":0,"162":0,"163":0,"164":0,"165":0,"166":0,"167":0,"168":0,"169":0,"170":0,"171":0,"172":0,"173":0,"174":0,"175":0,"176":0,"177":0,"178":0,"179":0,"180":0,"181":0,"182":0,"183":0,"184":0,"185":0,"186":0,"187":0,"188":0,"189":0,"190":0,"191":0,"192":0,"193":0,"194":0,"195":0,"196":0,"197":0,"198":0,"199":0,"200":0,"201":0,"202":0,"203":0,"204":0,"205":0,"206":0,"207":0,"208":0,"209":0,"210":0,"211":0,"212":0,"213":0,"214":0,"215":0,"216":0,"217":0,"218":0,"219":0,"220":0,"221":0,"222":0,"223":0,"224":0,"225":0,"226":0,"227":0,"228":0,"229":0,"230":0,"231":0,"232":0,"233":0,"234":0,"235":0,"236":0,"237":0,"238":0,"239":0,"240":0,"241":0,"242":0,"243":0,"244":0,"245":0,"246":0,"247":0,"248":0,"249":0,"250":0,"251":0,"252":0,"253":0,"254":0,"255":0,"256":0,"257":0,"258":0},"b":{"1":[0,0],"2":[0,0],"3":[0,0],"4":[0,0],"5":[0,0],"6":[0,0],"7":[0,0],"8":[0,0],"9":[0,0],"10":[0,0],"11":[0,0],"12":[0,0],"13":[0,0],"14":[0,0],"15":[0,0],"16":[0,0],"17":[0,0],"18":[0,0],"19":[0,0],"20":[0,0],"21":[0,0],"22":[0,0],"23":[0,0],"24":[0,0],"25":[0,0],"26":[0,0],"27":[0,0],"28":[0,0],"29":[0,0],"30":[0,0],"31":[0,0],"32":[0,0],"33":[0,0],"34":[0,0],"35":[0,0],"36":[0,0],"37":[0,0],"38":[0,0],"39":[0,0],"40":[0,0],"41":[0,0],"42":[0,0],"43":[0,0],"44":[0,0],"45":[0,0],"46":[0,0],"47":[0,0],"48":[0,0],"49":[0,0],"50":[0,0]},"f":{"1":0,"2":0,"3":0,"4":0,"5":0,"6":0,"7":0,"8":0,"9":0,"10":0,"11":0,"12":0,"13":0,"14":0,"15":0,"16":0,"17":0,"18":0,"19":0,"20":0,"21":0,"22":0,"23":0,"24":0,"25":0,"26":0,"27":0,"28":0,"29":0,"30":0,"31":0,"32":0,"33":0,"34":0,"35":0,"36":0,"37":0,"38":0,"39":0,"40":0},"fnMap":{"1":{"name":"hasMigrated","line":72,"loc":{"start":{"line":72,"column":4},"end":{"line":74,"column":4}}},"2":{"name":"userEpoch","line":76,"loc":{"start":{"line":76,"column":4},"end":{"line":78,"column":4}}},"3":{"name":"getPoolInfo","line":80,"loc":{"start":{"line":80,"column":4},"end":{"line":83,"column":4}}},"4":{"name":"currentEpoch","line":85,"loc":{"start":{"line":85,"column":4},"end":{"line":87,"column":4}}},"5":{"name":"stakedInCurrentEpoch","line":89,"loc":{"start":{"line":89,"column":4},"end":{"line":99,"column":4}}},"6":{"name":"stakedInEpoch","line":101,"loc":{"start":{"line":101,"column":4},"end":{"line":111,"column":4}}},"7":{"name":"_frensForEpoch","line":113,"loc":{"start":{"line":113,"column":4},"end":{"line":148,"column":4}}},"8":{"name":"poolRatesInEpoch","line":150,"loc":{"start":{"line":150,"column":4},"end":{"line":161,"column":4}}},"9":{"name":"_epochFrens","line":164,"loc":{"start":{"line":164,"column":4},"end":{"line":185,"column":4}}},"10":{"name":"frens","line":188,"loc":{"start":{"line":188,"column":4},"end":{"line":208,"column":4}}},"11":{"name":"bulkFrens","line":210,"loc":{"start":{"line":210,"column":4},"end":{"line":215,"column":4}}},"12":{"name":"_addPoolInEpoch","line":221,"loc":{"start":{"line":221,"column":4},"end":{"line":233,"column":4}}},"13":{"name":"initiateEpoch","line":235,"loc":{"start":{"line":235,"column":4},"end":{"line":249,"column":4}}},"14":{"name":"updateRates","line":251,"loc":{"start":{"line":251,"column":4},"end":{"line":272,"column":4}}},"15":{"name":"bumpEpoch","line":275,"loc":{"start":{"line":275,"column":4},"end":{"line":281,"column":4}}},"16":{"name":"stakeIntoPool","line":283,"loc":{"start":{"line":283,"column":4},"end":{"line":322,"column":4}}},"17":{"name":"withdrawFromPool","line":324,"loc":{"start":{"line":324,"column":4},"end":{"line":364,"column":4}}},"18":{"name":"migrateToV2","line":367,"loc":{"start":{"line":367,"column":4},"end":{"line":371,"column":4}}},"19":{"name":"_updateFrens","line":373,"loc":{"start":{"line":373,"column":4},"end":{"line":380,"column":4}}},"20":{"name":"_migrateToV2","line":382,"loc":{"start":{"line":382,"column":4},"end":{"line":403,"column":4}}},"21":{"name":"stakeGhst","line":409,"loc":{"start":{"line":409,"column":4},"end":{"line":411,"column":4}}},"22":{"name":"stakePoolTokens","line":413,"loc":{"start":{"line":413,"column":4},"end":{"line":415,"column":4}}},"23":{"name":"stakeGhstUsdcPoolTokens","line":417,"loc":{"start":{"line":417,"column":4},"end":{"line":419,"column":4}}},"24":{"name":"stakeGhstWethPoolTokens","line":421,"loc":{"start":{"line":421,"column":4},"end":{"line":423,"column":4}}},"25":{"name":"withdrawGhstStake","line":425,"loc":{"start":{"line":425,"column":4},"end":{"line":427,"column":4}}},"26":{"name":"withdrawPoolStake","line":429,"loc":{"start":{"line":429,"column":4},"end":{"line":431,"column":4}}},"27":{"name":"withdrawGhstUsdcPoolStake","line":433,"loc":{"start":{"line":433,"column":4},"end":{"line":435,"column":4}}},"28":{"name":"withdrawGhstWethPoolStake","line":437,"loc":{"start":{"line":437,"column":4},"end":{"line":439,"column":4}}},"29":{"name":"getGhstUsdcPoolToken","line":445,"loc":{"start":{"line":445,"column":4},"end":{"line":447,"column":4}}},"30":{"name":"getStkGhstUsdcToken","line":449,"loc":{"start":{"line":449,"column":4},"end":{"line":451,"column":4}}},"31":{"name":"getGhstWethPoolToken","line":453,"loc":{"start":{"line":453,"column":4},"end":{"line":455,"column":4}}},"32":{"name":"getStkGhstWethToken","line":457,"loc":{"start":{"line":457,"column":4},"end":{"line":459,"column":4}}},"33":{"name":"staked","line":461,"loc":{"start":{"line":461,"column":4},"end":{"line":482,"column":4}}},"34":{"name":"claimTickets","line":488,"loc":{"start":{"line":488,"column":4},"end":{"line":518,"column":4}}},"35":{"name":"convertTickets","line":520,"loc":{"start":{"line":520,"column":4},"end":{"line":571,"column":4}}},"36":{"name":"ticketCost","line":573,"loc":{"start":{"line":573,"column":4},"end":{"line":591,"column":4}}},"37":{"name":"onlyRateManager","line":597,"loc":{"start":{"line":597,"column":4},"end":{"line":600,"column":4}}},"38":{"name":"isRateManager","line":602,"loc":{"start":{"line":602,"column":4},"end":{"line":604,"column":4}}},"39":{"name":"addRateManagers","line":606,"loc":{"start":{"line":606,"column":4},"end":{"line":612,"column":4}}},"40":{"name":"removeRateManagers","line":614,"loc":{"start":{"line":614,"column":4},"end":{"line":620,"column":4}}}},"statementMap":{"1":{"start":{"line":73,"column":8},"end":{"line":73,"column":47}},"2":{"start":{"line":77,"column":8},"end":{"line":77,"column":52}},"3":{"start":{"line":81,"column":8},"end":{"line":81,"column":49}},"4":{"start":{"line":82,"column":8},"end":{"line":82,"column":106}},"5":{"start":{"line":86,"column":8},"end":{"line":86,"column":29}},"6":{"start":{"line":91,"column":8},"end":{"line":91,"column":3461}},"7":{"start":{"line":92,"column":12},"end":{"line":92,"column":58}},"8":{"start":{"line":93,"column":12},"end":{"line":93,"column":42}},"9":{"start":{"line":94,"column":12},"end":{"line":94,"column":74}},"10":{"start":{"line":95,"column":12},"end":{"line":95,"column":86}},"11":{"start":{"line":96,"column":12},"end":{"line":96,"column":98}},"12":{"start":{"line":97,"column":12},"end":{"line":97,"column":98}},"13":{"start":{"line":98,"column":15},"end":{"line":98,"column":61}},"14":{"start":{"line":102,"column":8},"end":{"line":102,"column":46}},"15":{"start":{"line":103,"column":8},"end":{"line":103,"column":64}},"16":{"start":{"line":105,"column":8},"end":{"line":105,"column":4220}},"17":{"start":{"line":106,"column":12},"end":{"line":106,"column":61}},"18":{"start":{"line":107,"column":12},"end":{"line":107,"column":82}},"19":{"start":{"line":108,"column":12},"end":{"line":108,"column":62}},"20":{"start":{"line":109,"column":12},"end":{"line":109,"column":71}},"21":{"start":{"line":114,"column":8},"end":{"line":114,"column":45}},"22":{"start":{"line":115,"column":8},"end":{"line":115,"column":62}},"23":{"start":{"line":116,"column":8},"end":{"line":116,"column":70}},"24":{"start":{"line":118,"column":8},"end":{"line":118,"column":28}},"25":{"start":{"line":121,"column":8},"end":{"line":121,"column":4950}},"26":{"start":{"line":122,"column":12},"end":{"line":122,"column":69}},"27":{"start":{"line":123,"column":12},"end":{"line":123,"column":80}},"28":{"start":{"line":125,"column":12},"end":{"line":125,"column":5239}},"29":{"start":{"line":126,"column":16},"end":{"line":126,"column":39}},"30":{"start":{"line":129,"column":16},"end":{"line":129,"column":50}},"31":{"start":{"line":134,"column":12},"end":{"line":134,"column":53}},"32":{"start":{"line":137,"column":8},"end":{"line":137,"column":36}},"33":{"start":{"line":139,"column":8},"end":{"line":139,"column":5638}},"34":{"start":{"line":140,"column":12},"end":{"line":140,"column":55}},"35":{"start":{"line":142,"column":12},"end":{"line":142,"column":81}},"36":{"start":{"line":143,"column":12},"end":{"line":143,"column":88}},"37":{"start":{"line":144,"column":12},"end":{"line":144,"column":86}},"38":{"start":{"line":147,"column":8},"end":{"line":147,"column":31}},"39":{"start":{"line":151,"column":8},"end":{"line":151,"column":46}},"40":{"start":{"line":152,"column":8},"end":{"line":152,"column":65}},"41":{"start":{"line":154,"column":8},"end":{"line":154,"column":6303}},"42":{"start":{"line":155,"column":12},"end":{"line":155,"column":61}},"43":{"start":{"line":156,"column":12},"end":{"line":156,"column":69}},"44":{"start":{"line":157,"column":12},"end":{"line":157,"column":62}},"45":{"start":{"line":158,"column":12},"end":{"line":158,"column":56}},"46":{"start":{"line":159,"column":12},"end":{"line":159,"column":75}},"47":{"start":{"line":165,"column":8},"end":{"line":165,"column":54}},"48":{"start":{"line":166,"column":8},"end":{"line":166,"column":29}},"49":{"start":{"line":169,"column":8},"end":{"line":169,"column":7069}},"50":{"start":{"line":170,"column":12},"end":{"line":170,"column":35}},"51":{"start":{"line":172,"column":12},"end":{"line":172,"column":109}},"52":{"start":{"line":175,"column":12},"end":{"line":175,"column":68}},"53":{"start":{"line":178,"column":12},"end":{"line":178,"column":53}},"54":{"start":{"line":180,"column":12},"end":{"line":180,"column":7544}},"55":{"start":{"line":181,"column":16},"end":{"line":181,"column":50}},"56":{"start":{"line":182,"column":16},"end":{"line":182,"column":64}},"57":{"start":{"line":190,"column":8},"end":{"line":190,"column":90}},"58":{"start":{"line":190,"column":46},"end":{"line":190,"column":90}},"59":{"start":{"line":194,"column":8},"end":{"line":194,"column":54}},"60":{"start":{"line":196,"column":8},"end":{"line":196,"column":70}},"61":{"start":{"line":197,"column":8},"end":{"line":197,"column":29}},"62":{"start":{"line":200,"column":8},"end":{"line":200,"column":82}},"63":{"start":{"line":202,"column":8},"end":{"line":202,"column":88}},"64":{"start":{"line":204,"column":8},"end":{"line":204,"column":55}},"65":{"start":{"line":207,"column":8},"end":{"line":207,"column":88}},"66":{"start":{"line":211,"column":8},"end":{"line":211,"column":47}},"67":{"start":{"line":212,"column":8},"end":{"line":212,"column":8958}},"68":{"start":{"line":213,"column":12},"end":{"line":213,"column":42}},"69":{"start":{"line":222,"column":8},"end":{"line":222,"column":48}},"70":{"start":{"line":223,"column":8},"end":{"line":223,"column":9329}},"71":{"start":{"line":224,"column":12},"end":{"line":224,"column":103}},"72":{"start":{"line":226,"column":8},"end":{"line":226,"column":57}},"73":{"start":{"line":227,"column":8},"end":{"line":227,"column":73}},"74":{"start":{"line":228,"column":8},"end":{"line":228,"column":70}},"75":{"start":{"line":229,"column":8},"end":{"line":229,"column":55}},"76":{"start":{"line":231,"column":8},"end":{"line":231,"column":56}},"77":{"start":{"line":232,"column":8},"end":{"line":232,"column":50}},"78":{"start":{"line":236,"column":8},"end":{"line":236,"column":42}},"79":{"start":{"line":237,"column":8},"end":{"line":237,"column":105}},"80":{"start":{"line":238,"column":8},"end":{"line":238,"column":78}},"81":{"start":{"line":240,"column":8},"end":{"line":240,"column":46}},"82":{"start":{"line":241,"column":8},"end":{"line":241,"column":45}},"83":{"start":{"line":244,"column":8},"end":{"line":244,"column":10335}},"84":{"start":{"line":245,"column":12},"end":{"line":245,"column":44}},"85":{"start":{"line":248,"column":8},"end":{"line":248,"column":30}},"86":{"start":{"line":252,"column":8},"end":{"line":252,"column":81}},"87":{"start":{"line":255,"column":8},"end":{"line":255,"column":57}},"88":{"start":{"line":256,"column":8},"end":{"line":256,"column":41}},"89":{"start":{"line":262,"column":8},"end":{"line":262,"column":57}},"90":{"start":{"line":263,"column":8},"end":{"line":263,"column":43}},"91":{"start":{"line":266,"column":8},"end":{"line":266,"column":11011}},"92":{"start":{"line":267,"column":12},"end":{"line":267,"column":55}},"93":{"start":{"line":268,"column":12},"end":{"line":268,"column":51}},"94":{"start":{"line":271,"column":8},"end":{"line":271,"column":43}},"95":{"start":{"line":276,"column":8},"end":{"line":276,"column":54}},"96":{"start":{"line":277,"column":8},"end":{"line":277,"column":88}},"97":{"start":{"line":278,"column":8},"end":{"line":278,"column":93}},"98":{"start":{"line":279,"column":8},"end":{"line":279,"column":96}},"99":{"start":{"line":280,"column":8},"end":{"line":280,"column":37}},"100":{"start":{"line":284,"column":8},"end":{"line":284,"column":44}},"101":{"start":{"line":286,"column":8},"end":{"line":286,"column":43}},"102":{"start":{"line":288,"column":8},"end":{"line":288,"column":65}},"103":{"start":{"line":288,"column":45},"end":{"line":288,"column":64}},"104":{"start":{"line":291,"column":8},"end":{"line":291,"column":30}},"105":{"start":{"line":292,"column":8},"end":{"line":292,"column":53}},"106":{"start":{"line":293,"column":8},"end":{"line":293,"column":12171}},"107":{"start":{"line":294,"column":12},"end":{"line":294,"column":54}},"108":{"start":{"line":295,"column":12},"end":{"line":295,"column":12315}},"109":{"start":{"line":296,"column":16},"end":{"line":296,"column":31}},"110":{"start":{"line":300,"column":8},"end":{"line":300,"column":82}},"111":{"start":{"line":303,"column":8},"end":{"line":303,"column":78}},"112":{"start":{"line":305,"column":8},"end":{"line":305,"column":12664}},"113":{"start":{"line":307,"column":15},"end":{"line":307,"column":12777}},"114":{"start":{"line":309,"column":12},"end":{"line":309,"column":58}},"115":{"start":{"line":310,"column":12},"end":{"line":310,"column":52}},"116":{"start":{"line":311,"column":12},"end":{"line":311,"column":54}},"117":{"start":{"line":314,"column":12},"end":{"line":314,"column":80}},"118":{"start":{"line":315,"column":12},"end":{"line":315,"column":64}},"119":{"start":{"line":319,"column":8},"end":{"line":319,"column":82}},"120":{"start":{"line":321,"column":8},"end":{"line":321,"column":80}},"121":{"start":{"line":325,"column":8},"end":{"line":325,"column":44}},"122":{"start":{"line":327,"column":8},"end":{"line":327,"column":43}},"123":{"start":{"line":329,"column":8},"end":{"line":329,"column":65}},"124":{"start":{"line":329,"column":45},"end":{"line":329,"column":64}},"125":{"start":{"line":332,"column":8},"end":{"line":332,"column":80}},"126":{"start":{"line":333,"column":8},"end":{"line":333,"column":92}},"127":{"start":{"line":336,"column":8},"end":{"line":336,"column":14027}},"128":{"start":{"line":337,"column":12},"end":{"line":337,"column":120}},"129":{"start":{"line":340,"column":8},"end":{"line":340,"column":96}},"130":{"start":{"line":342,"column":8},"end":{"line":342,"column":78}},"131":{"start":{"line":344,"column":8},"end":{"line":344,"column":14392}},"132":{"start":{"line":347,"column":15},"end":{"line":347,"column":14569}},"133":{"start":{"line":348,"column":12},"end":{"line":348,"column":58}},"134":{"start":{"line":349,"column":12},"end":{"line":349,"column":52}},"135":{"start":{"line":351,"column":12},"end":{"line":351,"column":69}},"136":{"start":{"line":352,"column":12},"end":{"line":352,"column":98}},"137":{"start":{"line":354,"column":12},"end":{"line":354,"column":51}},"138":{"start":{"line":356,"column":12},"end":{"line":356,"column":54}},"139":{"start":{"line":358,"column":12},"end":{"line":358,"column":68}},"140":{"start":{"line":361,"column":8},"end":{"line":361,"column":63}},"141":{"start":{"line":363,"column":8},"end":{"line":363,"column":83}},"142":{"start":{"line":368,"column":8},"end":{"line":368,"column":15418}},"143":{"start":{"line":369,"column":12},"end":{"line":369,"column":41}},"144":{"start":{"line":374,"column":8},"end":{"line":374,"column":53}},"145":{"start":{"line":375,"column":8},"end":{"line":375,"column":51}},"146":{"start":{"line":376,"column":8},"end":{"line":376,"column":56}},"147":{"start":{"line":379,"column":8},"end":{"line":379,"column":52}},"148":{"start":{"line":383,"column":8},"end":{"line":383,"column":49}},"149":{"start":{"line":384,"column":8},"end":{"line":384,"column":61}},"150":{"start":{"line":385,"column":8},"end":{"line":385,"column":76}},"151":{"start":{"line":386,"column":8},"end":{"line":386,"column":76}},"152":{"start":{"line":389,"column":8},"end":{"line":389,"column":71}},"153":{"start":{"line":390,"column":8},"end":{"line":390,"column":77}},"154":{"start":{"line":391,"column":8},"end":{"line":391,"column":89}},"155":{"start":{"line":392,"column":8},"end":{"line":392,"column":89}},"156":{"start":{"line":395,"column":8},"end":{"line":395,"column":51}},"157":{"start":{"line":396,"column":8},"end":{"line":396,"column":69}},"158":{"start":{"line":397,"column":8},"end":{"line":397,"column":61}},"159":{"start":{"line":400,"column":8},"end":{"line":400,"column":46}},"160":{"start":{"line":402,"column":8},"end":{"line":402,"column":35}},"161":{"start":{"line":410,"column":8},"end":{"line":410,"column":48}},"162":{"start":{"line":414,"column":8},"end":{"line":414,"column":49}},"163":{"start":{"line":418,"column":8},"end":{"line":418,"column":54}},"164":{"start":{"line":422,"column":8},"end":{"line":422,"column":54}},"165":{"start":{"line":426,"column":8},"end":{"line":426,"column":51}},"166":{"start":{"line":430,"column":8},"end":{"line":430,"column":52}},"167":{"start":{"line":434,"column":8},"end":{"line":434,"column":57}},"168":{"start":{"line":438,"column":8},"end":{"line":438,"column":57}},"169":{"start":{"line":446,"column":8},"end":{"line":446,"column":34}},"170":{"start":{"line":450,"column":8},"end":{"line":450,"column":33}},"171":{"start":{"line":454,"column":8},"end":{"line":454,"column":34}},"172":{"start":{"line":458,"column":8},"end":{"line":458,"column":33}},"173":{"start":{"line":471,"column":8},"end":{"line":471,"column":18930}},"174":{"start":{"line":472,"column":12},"end":{"line":472,"column":75}},"175":{"start":{"line":473,"column":12},"end":{"line":473,"column":81}},"176":{"start":{"line":474,"column":12},"end":{"line":474,"column":93}},"177":{"start":{"line":475,"column":12},"end":{"line":475,"column":93}},"178":{"start":{"line":477,"column":12},"end":{"line":477,"column":44}},"179":{"start":{"line":478,"column":12},"end":{"line":478,"column":56}},"180":{"start":{"line":479,"column":12},"end":{"line":479,"column":71}},"181":{"start":{"line":480,"column":12},"end":{"line":480,"column":71}},"182":{"start":{"line":489,"column":8},"end":{"line":489,"column":93}},"183":{"start":{"line":491,"column":8},"end":{"line":491,"column":44}},"184":{"start":{"line":492,"column":8},"end":{"line":492,"column":43}},"185":{"start":{"line":493,"column":8},"end":{"line":493,"column":51}},"186":{"start":{"line":494,"column":8},"end":{"line":494,"column":20068}},"187":{"start":{"line":495,"column":12},"end":{"line":495,"column":32}},"188":{"start":{"line":496,"column":12},"end":{"line":496,"column":38}},"189":{"start":{"line":497,"column":12},"end":{"line":497,"column":55}},"190":{"start":{"line":498,"column":12},"end":{"line":498,"column":49}},"191":{"start":{"line":499,"column":12},"end":{"line":499,"column":47}},"192":{"start":{"line":500,"column":12},"end":{"line":500,"column":84}},"193":{"start":{"line":501,"column":12},"end":{"line":501,"column":72}},"194":{"start":{"line":502,"column":12},"end":{"line":502,"column":27}},"195":{"start":{"line":503,"column":12},"end":{"line":503,"column":57}},"196":{"start":{"line":504,"column":12},"end":{"line":504,"column":53}},"197":{"start":{"line":506,"column":8},"end":{"line":506,"column":42}},"198":{"start":{"line":507,"column":8},"end":{"line":507,"column":69}},"199":{"start":{"line":508,"column":8},"end":{"line":508,"column":20}},"200":{"start":{"line":512,"column":8},"end":{"line":512,"column":20873}},"201":{"start":{"line":513,"column":12},"end":{"line":513,"column":20905}},"202":{"start":{"line":521,"column":8},"end":{"line":521,"column":93}},"203":{"start":{"line":522,"column":8},"end":{"line":522,"column":44}},"204":{"start":{"line":523,"column":8},"end":{"line":523,"column":25}},"205":{"start":{"line":524,"column":8},"end":{"line":524,"column":32}},"206":{"start":{"line":525,"column":8},"end":{"line":525,"column":57}},"207":{"start":{"line":526,"column":8},"end":{"line":526,"column":21508}},"208":{"start":{"line":527,"column":12},"end":{"line":527,"column":32}},"209":{"start":{"line":528,"column":12},"end":{"line":528,"column":38}},"210":{"start":{"line":530,"column":12},"end":{"line":530,"column":77}},"211":{"start":{"line":531,"column":12},"end":{"line":531,"column":49}},"212":{"start":{"line":532,"column":12},"end":{"line":532,"column":47}},"213":{"start":{"line":533,"column":12},"end":{"line":533,"column":84}},"214":{"start":{"line":534,"column":12},"end":{"line":534,"column":104}},"215":{"start":{"line":535,"column":12},"end":{"line":535,"column":28}},"216":{"start":{"line":537,"column":12},"end":{"line":537,"column":57}},"217":{"start":{"line":538,"column":12},"end":{"line":538,"column":53}},"218":{"start":{"line":540,"column":8},"end":{"line":540,"column":71}},"219":{"start":{"line":541,"column":8},"end":{"line":541,"column":97}},"220":{"start":{"line":543,"column":8},"end":{"line":543,"column":69}},"221":{"start":{"line":545,"column":8},"end":{"line":545,"column":59}},"222":{"start":{"line":546,"column":8},"end":{"line":546,"column":58}},"223":{"start":{"line":547,"column":8},"end":{"line":547,"column":39}},"224":{"start":{"line":549,"column":8},"end":{"line":549,"column":61}},"225":{"start":{"line":550,"column":8},"end":{"line":550,"column":44}},"226":{"start":{"line":552,"column":8},"end":{"line":552,"column":72}},"227":{"start":{"line":553,"column":8},"end":{"line":553,"column":68}},"228":{"start":{"line":555,"column":8},"end":{"line":555,"column":22902}},"229":{"start":{"line":556,"column":12},"end":{"line":556,"column":106}},"230":{"start":{"line":558,"column":8},"end":{"line":558,"column":89}},"231":{"start":{"line":560,"column":8},"end":{"line":560,"column":20}},"232":{"start":{"line":564,"column":8},"end":{"line":564,"column":23253}},"233":{"start":{"line":565,"column":12},"end":{"line":565,"column":23285}},"234":{"start":{"line":574,"column":8},"end":{"line":574,"column":23654}},"235":{"start":{"line":575,"column":12},"end":{"line":575,"column":29}},"236":{"start":{"line":576,"column":15},"end":{"line":576,"column":23717}},"237":{"start":{"line":577,"column":12},"end":{"line":577,"column":30}},"238":{"start":{"line":578,"column":15},"end":{"line":578,"column":23781}},"239":{"start":{"line":579,"column":12},"end":{"line":579,"column":30}},"240":{"start":{"line":580,"column":15},"end":{"line":580,"column":23845}},"241":{"start":{"line":581,"column":12},"end":{"line":581,"column":32}},"242":{"start":{"line":582,"column":15},"end":{"line":582,"column":23911}},"243":{"start":{"line":583,"column":12},"end":{"line":583,"column":33}},"244":{"start":{"line":584,"column":15},"end":{"line":584,"column":23978}},"245":{"start":{"line":585,"column":12},"end":{"line":585,"column":33}},"246":{"start":{"line":586,"column":15},"end":{"line":586,"column":24045}},"247":{"start":{"line":587,"column":12},"end":{"line":587,"column":33}},"248":{"start":{"line":589,"column":12},"end":{"line":589,"column":48}},"249":{"start":{"line":598,"column":8},"end":{"line":598,"column":79}},"250":{"start":{"line":603,"column":8},"end":{"line":603,"column":38}},"251":{"start":{"line":607,"column":8},"end":{"line":607,"column":42}},"252":{"start":{"line":608,"column":8},"end":{"line":608,"column":24689}},"253":{"start":{"line":609,"column":12},"end":{"line":609,"column":54}},"254":{"start":{"line":610,"column":12},"end":{"line":610,"column":55}},"255":{"start":{"line":615,"column":8},"end":{"line":615,"column":42}},"256":{"start":{"line":616,"column":8},"end":{"line":616,"column":25015}},"257":{"start":{"line":617,"column":12},"end":{"line":617,"column":55}},"258":{"start":{"line":618,"column":12},"end":{"line":618,"column":57}}},"branchMap":{"1":{"line":91,"type":"if","locations":[{"start":{"line":91,"column":8},"end":{"line":91,"column":8}},{"start":{"line":91,"column":8},"end":{"line":91,"column":8}}]},"2":{"line":121,"type":"if","locations":[{"start":{"line":121,"column":8},"end":{"line":121,"column":8}},{"start":{"line":121,"column":8},"end":{"line":121,"column":8}}]},"3":{"line":125,"type":"if","locations":[{"start":{"line":125,"column":12},"end":{"line":125,"column":12}},{"start":{"line":125,"column":12},"end":{"line":125,"column":12}}]},"4":{"line":169,"type":"if","locations":[{"start":{"line":169,"column":8},"end":{"line":169,"column":8}},{"start":{"line":169,"column":8},"end":{"line":169,"column":8}}]},"5":{"line":172,"type":"if","locations":[{"start":{"line":172,"column":12},"end":{"line":172,"column":12}},{"start":{"line":172,"column":12},"end":{"line":172,"column":12}}]},"6":{"line":190,"type":"if","locations":[{"start":{"line":190,"column":8},"end":{"line":190,"column":8}},{"start":{"line":190,"column":8},"end":{"line":190,"column":8}}]},"7":{"line":223,"type":"if","locations":[{"start":{"line":223,"column":8},"end":{"line":223,"column":8}},{"start":{"line":223,"column":8},"end":{"line":223,"column":8}}]},"8":{"line":224,"type":"if","locations":[{"start":{"line":224,"column":12},"end":{"line":224,"column":12}},{"start":{"line":224,"column":12},"end":{"line":224,"column":12}}]},"9":{"line":237,"type":"if","locations":[{"start":{"line":237,"column":8},"end":{"line":237,"column":8}},{"start":{"line":237,"column":8},"end":{"line":237,"column":8}}]},"10":{"line":238,"type":"if","locations":[{"start":{"line":238,"column":8},"end":{"line":238,"column":8}},{"start":{"line":238,"column":8},"end":{"line":238,"column":8}}]},"11":{"line":252,"type":"if","locations":[{"start":{"line":252,"column":8},"end":{"line":252,"column":8}},{"start":{"line":252,"column":8},"end":{"line":252,"column":8}}]},"12":{"line":277,"type":"if","locations":[{"start":{"line":277,"column":8},"end":{"line":277,"column":8}},{"start":{"line":277,"column":8},"end":{"line":277,"column":8}}]},"13":{"line":278,"type":"if","locations":[{"start":{"line":278,"column":8},"end":{"line":278,"column":8}},{"start":{"line":278,"column":8},"end":{"line":278,"column":8}}]},"14":{"line":279,"type":"if","locations":[{"start":{"line":279,"column":8},"end":{"line":279,"column":8}},{"start":{"line":279,"column":8},"end":{"line":279,"column":8}}]},"15":{"line":288,"type":"if","locations":[{"start":{"line":288,"column":8},"end":{"line":288,"column":8}},{"start":{"line":288,"column":8},"end":{"line":288,"column":8}}]},"16":{"line":295,"type":"if","locations":[{"start":{"line":295,"column":12},"end":{"line":295,"column":12}},{"start":{"line":295,"column":12},"end":{"line":295,"column":12}}]},"17":{"line":300,"type":"if","locations":[{"start":{"line":300,"column":8},"end":{"line":300,"column":8}},{"start":{"line":300,"column":8},"end":{"line":300,"column":8}}]},"18":{"line":305,"type":"if","locations":[{"start":{"line":305,"column":8},"end":{"line":305,"column":8}},{"start":{"line":305,"column":8},"end":{"line":305,"column":8}}]},"19":{"line":307,"type":"if","locations":[{"start":{"line":307,"column":15},"end":{"line":307,"column":15}},{"start":{"line":307,"column":15},"end":{"line":307,"column":15}}]},"20":{"line":329,"type":"if","locations":[{"start":{"line":329,"column":8},"end":{"line":329,"column":8}},{"start":{"line":329,"column":8},"end":{"line":329,"column":8}}]},"21":{"line":336,"type":"if","locations":[{"start":{"line":336,"column":8},"end":{"line":336,"column":8}},{"start":{"line":336,"column":8},"end":{"line":336,"column":8}}]},"22":{"line":337,"type":"if","locations":[{"start":{"line":337,"column":12},"end":{"line":337,"column":12}},{"start":{"line":337,"column":12},"end":{"line":337,"column":12}}]},"23":{"line":340,"type":"if","locations":[{"start":{"line":340,"column":8},"end":{"line":340,"column":8}},{"start":{"line":340,"column":8},"end":{"line":340,"column":8}}]},"24":{"line":344,"type":"if","locations":[{"start":{"line":344,"column":8},"end":{"line":344,"column":8}},{"start":{"line":344,"column":8},"end":{"line":344,"column":8}}]},"25":{"line":347,"type":"if","locations":[{"start":{"line":347,"column":15},"end":{"line":347,"column":15}},{"start":{"line":347,"column":15},"end":{"line":347,"column":15}}]},"26":{"line":352,"type":"if","locations":[{"start":{"line":352,"column":12},"end":{"line":352,"column":12}},{"start":{"line":352,"column":12},"end":{"line":352,"column":12}}]},"27":{"line":471,"type":"if","locations":[{"start":{"line":471,"column":8},"end":{"line":471,"column":8}},{"start":{"line":471,"column":8},"end":{"line":471,"column":8}}]},"28":{"line":489,"type":"if","locations":[{"start":{"line":489,"column":8},"end":{"line":489,"column":8}},{"start":{"line":489,"column":8},"end":{"line":489,"column":8}}]},"29":{"line":497,"type":"if","locations":[{"start":{"line":497,"column":12},"end":{"line":497,"column":12}},{"start":{"line":497,"column":12},"end":{"line":497,"column":12}}]},"30":{"line":500,"type":"if","locations":[{"start":{"line":500,"column":12},"end":{"line":500,"column":12}},{"start":{"line":500,"column":12},"end":{"line":500,"column":12}}]},"31":{"line":501,"type":"if","locations":[{"start":{"line":501,"column":12},"end":{"line":501,"column":12}},{"start":{"line":501,"column":12},"end":{"line":501,"column":12}}]},"32":{"line":512,"type":"if","locations":[{"start":{"line":512,"column":8},"end":{"line":512,"column":8}},{"start":{"line":512,"column":8},"end":{"line":512,"column":8}}]},"33":{"line":513,"type":"if","locations":[{"start":{"line":513,"column":12},"end":{"line":513,"column":12}},{"start":{"line":513,"column":12},"end":{"line":513,"column":12}}]},"34":{"line":521,"type":"if","locations":[{"start":{"line":521,"column":8},"end":{"line":521,"column":8}},{"start":{"line":521,"column":8},"end":{"line":521,"column":8}}]},"35":{"line":530,"type":"if","locations":[{"start":{"line":530,"column":12},"end":{"line":530,"column":12}},{"start":{"line":530,"column":12},"end":{"line":530,"column":12}}]},"36":{"line":533,"type":"if","locations":[{"start":{"line":533,"column":12},"end":{"line":533,"column":12}},{"start":{"line":533,"column":12},"end":{"line":533,"column":12}}]},"37":{"line":534,"type":"if","locations":[{"start":{"line":534,"column":12},"end":{"line":534,"column":12}},{"start":{"line":534,"column":12},"end":{"line":534,"column":12}}]},"38":{"line":540,"type":"if","locations":[{"start":{"line":540,"column":8},"end":{"line":540,"column":8}},{"start":{"line":540,"column":8},"end":{"line":540,"column":8}}]},"39":{"line":541,"type":"if","locations":[{"start":{"line":541,"column":8},"end":{"line":541,"column":8}},{"start":{"line":541,"column":8},"end":{"line":541,"column":8}}]},"40":{"line":555,"type":"if","locations":[{"start":{"line":555,"column":8},"end":{"line":555,"column":8}},{"start":{"line":555,"column":8},"end":{"line":555,"column":8}}]},"41":{"line":564,"type":"if","locations":[{"start":{"line":564,"column":8},"end":{"line":564,"column":8}},{"start":{"line":564,"column":8},"end":{"line":564,"column":8}}]},"42":{"line":565,"type":"if","locations":[{"start":{"line":565,"column":12},"end":{"line":565,"column":12}},{"start":{"line":565,"column":12},"end":{"line":565,"column":12}}]},"43":{"line":574,"type":"if","locations":[{"start":{"line":574,"column":8},"end":{"line":574,"column":8}},{"start":{"line":574,"column":8},"end":{"line":574,"column":8}}]},"44":{"line":576,"type":"if","locations":[{"start":{"line":576,"column":15},"end":{"line":576,"column":15}},{"start":{"line":576,"column":15},"end":{"line":576,"column":15}}]},"45":{"line":578,"type":"if","locations":[{"start":{"line":578,"column":15},"end":{"line":578,"column":15}},{"start":{"line":578,"column":15},"end":{"line":578,"column":15}}]},"46":{"line":580,"type":"if","locations":[{"start":{"line":580,"column":15},"end":{"line":580,"column":15}},{"start":{"line":580,"column":15},"end":{"line":580,"column":15}}]},"47":{"line":582,"type":"if","locations":[{"start":{"line":582,"column":15},"end":{"line":582,"column":15}},{"start":{"line":582,"column":15},"end":{"line":582,"column":15}}]},"48":{"line":584,"type":"if","locations":[{"start":{"line":584,"column":15},"end":{"line":584,"column":15}},{"start":{"line":584,"column":15},"end":{"line":584,"column":15}}]},"49":{"line":586,"type":"if","locations":[{"start":{"line":586,"column":15},"end":{"line":586,"column":15}},{"start":{"line":586,"column":15},"end":{"line":586,"column":15}}]},"50":{"line":598,"type":"if","locations":[{"start":{"line":598,"column":8},"end":{"line":598,"column":8}},{"start":{"line":598,"column":8},"end":{"line":598,"column":8}}]}}},
"contracts/facets/TicketsFacet.sol":{"l":{"32":0,"33":0,"37":0,"38":0,"39":0,"40":0,"45":0,"46":0,"70":0,"71":0,"72":0,"73":0,"74":0,"75":0,"76":0,"77":0,"78":0,"79":0,"80":0,"82":0,"83":0,"86":0,"87":0,"117":0,"118":0,"119":0,"120":0,"121":0,"122":0,"123":0,"124":0,"125":0,"126":0,"127":0,"129":0,"130":0,"131":0,"132":0,"134":0,"135":0,"138":0,"139":0,"147":0,"148":0,"149":0,"154":0,"155":0,"159":0,"160":0,"161":0,"172":0,"182":0,"183":0,"184":0,"185":0,"196":0,"197":0,"198":0,"208":0,"218":0,"219":0,"220":0,"221":0,"222":0,"223":0,"224":0,"225":0,"226":0,"227":0,"229":0},"path":"/Users/marcoruggeri/code/NEWbegin/ethereum/ghst-staking/contracts/facets/TicketsFacet.sol","s":{"1":0,"2":0,"3":0,"4":0,"5":0,"6":0,"7":0,"8":0,"9":0,"10":0,"11":0,"12":0,"13":0,"14":0,"15":0,"16":0,"17":0,"18":0,"19":0,"20":0,"21":0,"22":0,"23":0,"24":0,"25":0,"26":0,"27":0,"28":0,"29":0,"30":0,"31":0,"32":0,"33":0,"34":0,"35":0,"36":0,"37":0,"38":0,"39":0,"40":0,"41":0,"42":0,"43":0,"44":0,"45":0,"46":0,"47":0,"48":0,"49":0,"50":0,"51":0,"52":0,"53":0,"54":0,"55":0,"56":0,"57":0,"58":0,"59":0,"60":0,"61":0,"62":0,"63":0,"64":0,"65":0,"66":0,"67":0,"68":0},"b":{"1":[0,0],"2":[0,0],"3":[0,0],"4":[0,0],"5":[0,0],"6":[0,0],"7":[0,0],"8":[0,0],"9":[0,0],"10":[0,0],"11":[0,0],"12":[0,0],"13":[0,0],"14":[0,0],"15":[0,0],"16":[0,0],"17":[0,0]},"f":{"1":0,"2":0,"3":0,"4":0,"5":0,"6":0,"7":0,"8":0,"9":0,"10":0,"11":0,"12":0,"13":0},"fnMap":{"1":{"name":"setAavegotchiDiamond","line":31,"loc":{"start":{"line":31,"column":4},"end":{"line":34,"column":4}}},"2":{"name":"setBaseURI","line":36,"loc":{"start":{"line":36,"column":4},"end":{"line":42,"column":4}}},"3":{"name":"uri","line":44,"loc":{"start":{"line":44,"column":4},"end":{"line":47,"column":4}}},"4":{"name":"safeTransferFrom","line":63,"loc":{"start":{"line":63,"column":4},"end":{"line":92,"column":4}}},"5":{"name":"safeBatchTransferFrom","line":110,"loc":{"start":{"line":110,"column":4},"end":{"line":144,"column":4}}},"6":{"name":"totalSupplies","line":146,"loc":{"start":{"line":146,"column":4},"end":{"line":151,"column":4}}},"7":{"name":"totalSupply","line":153,"loc":{"start":{"line":153,"column":4},"end":{"line":156,"column":4}}},"8":{"name":"balanceOfAll","line":158,"loc":{"start":{"line":158,"column":4},"end":{"line":163,"column":4}}},"9":{"name":"balanceOf","line":171,"loc":{"start":{"line":171,"column":4},"end":{"line":173,"column":4}}},"10":{"name":"balanceOfBatch","line":181,"loc":{"start":{"line":181,"column":4},"end":{"line":187,"column":4}}},"11":{"name":"setApprovalForAll","line":195,"loc":{"start":{"line":195,"column":4},"end":{"line":199,"column":4}}},"12":{"name":"isApprovedForAll","line":207,"loc":{"start":{"line":207,"column":4},"end":{"line":209,"column":4}}},"13":{"name":"migrateTickets","line":217,"loc":{"start":{"line":217,"column":4},"end":{"line":231,"column":4}}}},"statementMap":{"1":{"start":{"line":32,"column":8},"end":{"line":32,"column":42}},"2":{"start":{"line":33,"column":8},"end":{"line":33,"column":47}},"3":{"start":{"line":37,"column":8},"end":{"line":37,"column":42}},"4":{"start":{"line":38,"column":8},"end":{"line":38,"column":32}},"5":{"start":{"line":39,"column":8},"end":{"line":39,"column":1527}},"6":{"start":{"line":40,"column":12},"end":{"line":40,"column":80}},"7":{"start":{"line":45,"column":8},"end":{"line":45,"column":52}},"8":{"start":{"line":46,"column":8},"end":{"line":46,"column":82}},"9":{"start":{"line":70,"column":8},"end":{"line":70,"column":73}},"10":{"start":{"line":71,"column":8},"end":{"line":71,"column":44}},"11":{"start":{"line":72,"column":8},"end":{"line":72,"column":113}},"12":{"start":{"line":73,"column":8},"end":{"line":73,"column":59}},"13":{"start":{"line":74,"column":8},"end":{"line":74,"column":69}},"14":{"start":{"line":75,"column":8},"end":{"line":75,"column":59}},"15":{"start":{"line":76,"column":8},"end":{"line":76,"column":52}},"16":{"start":{"line":77,"column":8},"end":{"line":77,"column":60}},"17":{"start":{"line":78,"column":8},"end":{"line":78,"column":55}},"18":{"start":{"line":79,"column":8},"end":{"line":79,"column":3804}},"19":{"start":{"line":80,"column":12},"end":{"line":80,"column":97}},"20":{"start":{"line":82,"column":8},"end":{"line":82,"column":20}},"21":{"start":{"line":86,"column":8},"end":{"line":86,"column":4049}},"22":{"start":{"line":87,"column":12},"end":{"line":87,"column":4081}},"23":{"start":{"line":117,"column":8},"end":{"line":117,"column":73}},"24":{"start":{"line":118,"column":8},"end":{"line":118,"column":93}},"25":{"start":{"line":119,"column":8},"end":{"line":119,"column":44}},"26":{"start":{"line":120,"column":8},"end":{"line":120,"column":113}},"27":{"start":{"line":121,"column":8},"end":{"line":121,"column":6494}},"28":{"start":{"line":122,"column":12},"end":{"line":122,"column":32}},"29":{"start":{"line":123,"column":12},"end":{"line":123,"column":38}},"30":{"start":{"line":124,"column":12},"end":{"line":124,"column":62}},"31":{"start":{"line":125,"column":12},"end":{"line":125,"column":72}},"32":{"start":{"line":126,"column":12},"end":{"line":126,"column":61}},"33":{"start":{"line":127,"column":12},"end":{"line":127,"column":54}},"34":{"start":{"line":129,"column":8},"end":{"line":129,"column":61}},"35":{"start":{"line":130,"column":8},"end":{"line":130,"column":55}},"36":{"start":{"line":131,"column":8},"end":{"line":131,"column":7006}},"37":{"start":{"line":132,"column":12},"end":{"line":132,"column":103}},"38":{"start":{"line":134,"column":8},"end":{"line":134,"column":20}},"39":{"start":{"line":138,"column":8},"end":{"line":138,"column":7257}},"40":{"start":{"line":139,"column":12},"end":{"line":139,"column":7289}},"41":{"start":{"line":147,"column":8},"end":{"line":147,"column":40}},"42":{"start":{"line":148,"column":8},"end":{"line":148,"column":7653}},"43":{"start":{"line":149,"column":12},"end":{"line":149,"column":55}},"44":{"start":{"line":154,"column":8},"end":{"line":154,"column":53}},"45":{"start":{"line":155,"column":8},"end":{"line":155,"column":48}},"46":{"start":{"line":159,"column":8},"end":{"line":159,"column":35}},"47":{"start":{"line":160,"column":8},"end":{"line":160,"column":8098}},"48":{"start":{"line":161,"column":12},"end":{"line":161,"column":62}},"49":{"start":{"line":172,"column":8},"end":{"line":172,"column":56}},"50":{"start":{"line":182,"column":8},"end":{"line":182,"column":89}},"51":{"start":{"line":183,"column":8},"end":{"line":183,"column":48}},"52":{"start":{"line":184,"column":8},"end":{"line":184,"column":9219}},"53":{"start":{"line":185,"column":12},"end":{"line":185,"column":72}},"54":{"start":{"line":196,"column":8},"end":{"line":196,"column":44}},"55":{"start":{"line":197,"column":8},"end":{"line":197,"column":64}},"56":{"start":{"line":198,"column":8},"end":{"line":198,"column":57}},"57":{"start":{"line":208,"column":8},"end":{"line":208,"column":60}},"58":{"start":{"line":218,"column":8},"end":{"line":218,"column":42}},"59":{"start":{"line":219,"column":8},"end":{"line":219,"column":44}},"60":{"start":{"line":220,"column":8},"end":{"line":220,"column":10694}},"61":{"start":{"line":221,"column":12},"end":{"line":221,"column":63}},"62":{"start":{"line":222,"column":12},"end":{"line":222,"column":122}},"63":{"start":{"line":223,"column":12},"end":{"line":223,"column":10949}},"64":{"start":{"line":224,"column":16},"end":{"line":224,"column":47}},"65":{"start":{"line":225,"column":16},"end":{"line":225,"column":53}},"66":{"start":{"line":226,"column":16},"end":{"line":226,"column":72}},"67":{"start":{"line":227,"column":16},"end":{"line":227,"column":57}},"68":{"start":{"line":229,"column":12},"end":{"line":229,"column":106}}},"branchMap":{"1":{"line":45,"type":"if","locations":[{"start":{"line":45,"column":8},"end":{"line":45,"column":8}},{"start":{"line":45,"column":8},"end":{"line":45,"column":8}}]},"2":{"line":70,"type":"if","locations":[{"start":{"line":70,"column":8},"end":{"line":70,"column":8}},{"start":{"line":70,"column":8},"end":{"line":70,"column":8}}]},"3":{"line":72,"type":"if","locations":[{"start":{"line":72,"column":8},"end":{"line":72,"column":8}},{"start":{"line":72,"column":8},"end":{"line":72,"column":8}}]},"4":{"line":74,"type":"if","locations":[{"start":{"line":74,"column":8},"end":{"line":74,"column":8}},{"start":{"line":74,"column":8},"end":{"line":74,"column":8}}]},"5":{"line":79,"type":"if","locations":[{"start":{"line":79,"column":8},"end":{"line":79,"column":8}},{"start":{"line":79,"column":8},"end":{"line":79,"column":8}}]},"6":{"line":86,"type":"if","locations":[{"start":{"line":86,"column":8},"end":{"line":86,"column":8}},{"start":{"line":86,"column":8},"end":{"line":86,"column":8}}]},"7":{"line":87,"type":"if","locations":[{"start":{"line":87,"column":12},"end":{"line":87,"column":12}},{"start":{"line":87,"column":12},"end":{"line":87,"column":12}}]},"8":{"line":117,"type":"if","locations":[{"start":{"line":117,"column":8},"end":{"line":117,"column":8}},{"start":{"line":117,"column":8},"end":{"line":117,"column":8}}]},"9":{"line":118,"type":"if","locations":[{"start":{"line":118,"column":8},"end":{"line":118,"column":8}},{"start":{"line":118,"column":8},"end":{"line":118,"column":8}}]},"10":{"line":120,"type":"if","locations":[{"start":{"line":120,"column":8},"end":{"line":120,"column":8}},{"start":{"line":120,"column":8},"end":{"line":120,"column":8}}]},"11":{"line":125,"type":"if","locations":[{"start":{"line":125,"column":12},"end":{"line":125,"column":12}},{"start":{"line":125,"column":12},"end":{"line":125,"column":12}}]},"12":{"line":131,"type":"if","locations":[{"start":{"line":131,"column":8},"end":{"line":131,"column":8}},{"start":{"line":131,"column":8},"end":{"line":131,"column":8}}]},"13":{"line":138,"type":"if","locations":[{"start":{"line":138,"column":8},"end":{"line":138,"column":8}},{"start":{"line":138,"column":8},"end":{"line":138,"column":8}}]},"14":{"line":139,"type":"if","locations":[{"start":{"line":139,"column":12},"end":{"line":139,"column":12}},{"start":{"line":139,"column":12},"end":{"line":139,"column":12}}]},"15":{"line":154,"type":"if","locations":[{"start":{"line":154,"column":8},"end":{"line":154,"column":8}},{"start":{"line":154,"column":8},"end":{"line":154,"column":8}}]},"16":{"line":182,"type":"if","locations":[{"start":{"line":182,"column":8},"end":{"line":182,"column":8}},{"start":{"line":182,"column":8},"end":{"line":182,"column":8}}]},"17":{"line":222,"type":"if","locations":[{"start":{"line":222,"column":12},"end":{"line":222,"column":12}},{"start":{"line":222,"column":12},"end":{"line":222,"column":12}}]}}},
"contracts/GHSTStakingDiamond.sol":{"l":{"35":0,"36":0,"37":0,"39":0,"40":0,"42":0,"44":0,"45":0,"46":0,"48":0,"49":0,"52":0,"54":0,"55":0,"59":0,"63":0,"66":0,"67":0,"68":0,"69":0,"70":0,"71":0,"77":0,"78":0,"79":0,"82":0,"83":0,"84":0,"99":0},"path":"/Users/marcoruggeri/code/NEWbegin/ethereum/ghst-staking/contracts/GHSTStakingDiamond.sol","s":{"1":0,"2":0,"3":0,"4":0,"5":0,"6":0,"7":0,"8":0,"9":0,"10":0,"11":0,"12":0,"13":0,"14":0,"15":0,"16":0,"17":0,"18":0,"19":0,"20":0,"21":0,"22":0,"23":0,"24":0,"25":0,"26":0},"b":{"1":[0,0],"2":[0,0],"3":[0,0],"4":[0,0]},"f":{"1":0,"2":0},"fnMap":{"1":{"name":"constructor","line":34,"loc":{"start":{"line":34,"column":4},"end":{"line":72,"column":4}}},"2":{"name":null,"line":76,"loc":{"start":{"line":76,"column":4},"end":{"line":96,"column":4}}}},"statementMap":{"1":{"start":{"line":35,"column":8},"end":{"line":35,"column":90}},"2":{"start":{"line":36,"column":8},"end":{"line":36,"column":104}},"3":{"start":{"line":37,"column":8},"end":{"line":37,"column":114}},"4":{"start":{"line":39,"column":8},"end":{"line":39,"column":67}},"5":{"start":{"line":40,"column":8},"end":{"line":40,"column":47}},"6":{"start":{"line":42,"column":8},"end":{"line":42,"column":74}},"7":{"start":{"line":44,"column":8},"end":{"line":44,"column":42}},"8":{"start":{"line":45,"column":8},"end":{"line":45,"column":47}},"9":{"start":{"line":46,"column":8},"end":{"line":46,"column":60}},"10":{"start":{"line":48,"column":8},"end":{"line":48,"column":28}},"11":{"start":{"line":49,"column":8},"end":{"line":49,"column":31}},"12":{"start":{"line":52,"column":8},"end":{"line":52,"column":63}},"13":{"start":{"line":54,"column":8},"end":{"line":54,"column":69}},"14":{"start":{"line":55,"column":8},"end":{"line":55,"column":63}},"15":{"start":{"line":59,"column":8},"end":{"line":59,"column":48}},"16":{"start":{"line":63,"column":8},"end":{"line":63,"column":71}},"17":{"start":{"line":66,"column":8},"end":{"line":66,"column":69}},"18":{"start":{"line":67,"column":8},"end":{"line":67,"column":69}},"19":{"start":{"line":68,"column":8},"end":{"line":68,"column":69}},"20":{"start":{"line":69,"column":8},"end":{"line":69,"column":69}},"21":{"start":{"line":70,"column":8},"end":{"line":70,"column":69}},"22":{"start":{"line":71,"column":8},"end":{"line":71,"column":69}},"23":{"start":{"line":77,"column":8},"end":{"line":77,"column":44}},"24":{"start":{"line":78,"column":8},"end":{"line":78,"column":62}},"25":{"start":{"line":82,"column":8},"end":{"line":82,"column":60}},"26":{"start":{"line":83,"column":8},"end":{"line":83,"column":75}}},"branchMap":{"1":{"line":35,"type":"if","locations":[{"start":{"line":35,"column":8},"end":{"line":35,"column":8}},{"start":{"line":35,"column":8},"end":{"line":35,"column":8}}]},"2":{"line":36,"type":"if","locations":[{"start":{"line":36,"column":8},"end":{"line":36,"column":8}},{"start":{"line":36,"column":8},"end":{"line":36,"column":8}}]},"3":{"line":37,"type":"if","locations":[{"start":{"line":37,"column":8},"end":{"line":37,"column":8}},{"start":{"line":37,"column":8},"end":{"line":37,"column":8}}]},"4":{"line":83,"type":"if","locations":[{"start":{"line":83,"column":8},"end":{"line":83,"column":8}},{"start":{"line":83,"column":8},"end":{"line":83,"column":8}}]}}},
"contracts/interfaces/IDiamondCut.sol":{"l":{},"path":"/Users/marcoruggeri/code/NEWbegin/ethereum/ghst-staking/contracts/interfaces/IDiamondCut.sol","s":{},"b":{},"f":{},"fnMap":{},"statementMap":{},"branchMap":{}},
"contracts/interfaces/IDiamondLoupe.sol":{"l":{},"path":"/Users/marcoruggeri/code/NEWbegin/ethereum/ghst-staking/contracts/interfaces/IDiamondLoupe.sol","s":{},"b":{},"f":{},"fnMap":{},"statementMap":{},"branchMap":{}},
"contracts/interfaces/IERC1155.sol":{"l":{},"path":"/Users/marcoruggeri/code/NEWbegin/ethereum/ghst-staking/contracts/interfaces/IERC1155.sol","s":{},"b":{},"f":{},"fnMap":{},"statementMap":{},"branchMap":{}},
"contracts/interfaces/IERC1155Metadata_URI.sol":{"l":{},"path":"/Users/marcoruggeri/code/NEWbegin/ethereum/ghst-staking/contracts/interfaces/IERC1155Metadata_URI.sol","s":{},"b":{},"f":{},"fnMap":{},"statementMap":{},"branchMap":{}},
"contracts/interfaces/IERC1155TokenReceiver.sol":{"l":{},"path":"/Users/marcoruggeri/code/NEWbegin/ethereum/ghst-staking/contracts/interfaces/IERC1155TokenReceiver.sol","s":{},"b":{},"f":{},"fnMap":{},"statementMap":{},"branchMap":{}},
"contracts/interfaces/IERC165.sol":{"l":{},"path":"/Users/marcoruggeri/code/NEWbegin/ethereum/ghst-staking/contracts/interfaces/IERC165.sol","s":{},"b":{},"f":{},"fnMap":{},"statementMap":{},"branchMap":{}},
"contracts/interfaces/IERC173.sol":{"l":{},"path":"/Users/marcoruggeri/code/NEWbegin/ethereum/ghst-staking/contracts/interfaces/IERC173.sol","s":{},"b":{},"f":{},"fnMap":{},"statementMap":{},"branchMap":{}},
"contracts/interfaces/IERC20.sol":{"l":{},"path":"/Users/marcoruggeri/code/NEWbegin/ethereum/ghst-staking/contracts/interfaces/IERC20.sol","s":{},"b":{},"f":{},"fnMap":{},"statementMap":{},"branchMap":{}},
"contracts/interfaces/IGHSTStakingDiamond.sol":{"l":{},"path":"/Users/marcoruggeri/code/NEWbegin/ethereum/ghst-staking/contracts/interfaces/IGHSTStakingDiamond.sol","s":{},"b":{},"f":{},"fnMap":{},"statementMap":{},"branchMap":{}},
"contracts/interfaces/IUniswapV2Pair.sol":{"l":{},"path":"/Users/marcoruggeri/code/NEWbegin/ethereum/ghst-staking/contracts/interfaces/IUniswapV2Pair.sol","s":{},"b":{},"f":{},"fnMap":{},"statementMap":{},"branchMap":{}},
"contracts/libraries/AppStorage.sol":{"l":{},"path":"/Users/marcoruggeri/code/NEWbegin/ethereum/ghst-staking/contracts/libraries/AppStorage.sol","s":{},"b":{},"f":{},"fnMap":{},"statementMap":{},"branchMap":{}},
"contracts/libraries/LibDiamond.sol":{"l":{"40":0,"41":0,"49":0,"50":0,"51":0,"52":0,"56":0,"60":0,"64":0,"65":0,"84":0,"85":0,"86":0,"87":0,"89":0,"91":0,"94":0,"95":0,"103":0,"104":0,"107":0,"108":0,"110":0,"111":0,"121":0,"122":0,"123":0,"124":0,"125":0,"126":0,"127":0,"128":0,"129":0,"131":0,"132":0,"134":0,"136":0,"137":0,"138":0,"140":0,"143":0,"144":0,"145":0,"146":0,"147":0,"148":0,"150":0,"151":0,"152":0,"154":0,"157":0,"158":0,"159":0,"160":0,"161":0,"163":0,"164":0,"165":0,"167":0,"168":0,"169":0,"171":0,"172":0,"173":0,"174":0,"176":0,"179":0,"180":0,"182":0,"184":0,"185":0,"186":0,"187":0,"189":0,"190":0,"192":0,"196":0,"199":0,"203":0,"204":0,"205":0,"207":0,"209":0,"211":0,"213":0,"217":0,"218":0,"220":0,"221":0,"222":0,"224":0,"225":0,"226":0,"228":0,"230":0,"237":0,"238":0,"241":0},"path":"/Users/marcoruggeri/code/NEWbegin/ethereum/ghst-staking/contracts/libraries/LibDiamond.sol","s":{"1":0,"2":0,"3":0,"4":0,"5":0,"6":0,"7":0,"8":0,"9":0,"10":0,"11":0,"12":0,"13":0,"14":0,"15":0,"16":0,"17":0,"18":0,"19":0,"20":0,"21":0,"22":0,"23":0,"24":0,"25":0,"26":0,"27":0,"28":0,"29":0,"30":0,"31":0,"32":0,"33":0,"34":0,"35":0,"36":0,"37":0,"38":0,"39":0,"40":0,"41":0,"42":0,"43":0,"44":0,"45":0,"46":0,"47":0,"48":0,"49":0,"50":0,"51":0,"52":0,"53":0,"54":0,"55":0,"56":0,"57":0,"58":0,"59":0,"60":0,"61":0,"62":0,"63":0,"64":0,"65":0,"66":0,"67":0,"68":0,"69":0,"70":0,"71":0,"72":0,"73":0,"74":0,"75":0,"76":0,"77":0,"78":0,"79":0,"80":0,"81":0,"82":0,"83":0,"84":0,"85":0,"86":0,"87":0,"88":0,"89":0,"90":0,"91":0},"b":{"1":[0,0],"2":[0,0],"3":[0,0],"4":[0,0],"5":[0,0],"6":[0,0],"7":[0,0],"8":[0,0],"9":[0,0],"10":[0,0],"11":[0,0],"12":[0,0],"13":[0,0],"14":[0,0],"15":[0,0],"16":[0,0],"17":[0,0],"18":[0,0],"19":[0,0],"20":[0,0],"21":[0,0],"22":[0,0],"23":[0,0],"24":[0,0],"25":[0,0],"26":[0,0],"27":[0,0],"28":[0,0],"29":[0,0],"30":[0,0]},"f":{"1":0,"2":0,"3":0,"4":0,"5":0,"6":0,"7":0,"8":0,"9":0},"fnMap":{"1":{"name":"diamondStorage","line":39,"loc":{"start":{"line":39,"column":4},"end":{"line":44,"column":4}}},"2":{"name":"setContractOwner","line":48,"loc":{"start":{"line":48,"column":4},"end":{"line":53,"column":4}}},"3":{"name":"contractOwner","line":55,"loc":{"start":{"line":55,"column":4},"end":{"line":57,"column":4}}},"4":{"name":"enforceIsContractOwner","line":59,"loc":{"start":{"line":59,"column":4},"end":{"line":61,"column":4}}},"5":{"name":"onlyOwner","line":63,"loc":{"start":{"line":63,"column":4},"end":{"line":66,"column":4}}},"6":{"name":"diamondCut","line":79,"loc":{"start":{"line":79,"column":4},"end":{"line":112,"column":4}}},"7":{"name":"addReplaceRemoveFacetSelectors","line":114,"loc":{"start":{"line":114,"column":4},"end":{"line":214,"column":4}}},"8":{"name":"initializeDiamondCut","line":216,"loc":{"start":{"line":216,"column":4},"end":{"line":234,"column":4}}},"9":{"name":"enforceHasContractCode","line":236,"loc":{"start":{"line":236,"column":4},"end":{"line":242,"column":4}}}},"statementMap":{"1":{"start":{"line":40,"column":8},"end":{"line":40,"column":51}},"2":{"start":{"line":49,"column":8},"end":{"line":49,"column":52}},"3":{"start":{"line":50,"column":8},"end":{"line":50,"column":48}},"4":{"start":{"line":51,"column":8},"end":{"line":51,"column":35}},"5":{"start":{"line":52,"column":8},"end":{"line":52,"column":59}},"6":{"start":{"line":56,"column":8},"end":{"line":56,"column":54}},"7":{"start":{"line":60,"column":8},"end":{"line":60,"column":98}},"8":{"start":{"line":64,"column":8},"end":{"line":64,"column":98}},"9":{"start":{"line":84,"column":8},"end":{"line":84,"column":52}},"10":{"start":{"line":85,"column":8},"end":{"line":85,"column":56}},"11":{"start":{"line":86,"column":8},"end":{"line":86,"column":53}},"12":{"start":{"line":87,"column":8},"end":{"line":87,"column":28}},"13":{"start":{"line":89,"column":8},"end":{"line":89,"column":3499}},"14":{"start":{"line":91,"column":12},"end":{"line":91,"column":61}},"15":{"start":{"line":94,"column":8},"end":{"line":94,"column":3683}},"16":{"start":{"line":95,"column":12},"end":{"line":95,"column":3773}},"17":{"start":{"line":103,"column":8},"end":{"line":103,"column":4087}},"18":{"start":{"line":104,"column":12},"end":{"line":104,"column":51}},"19":{"start":{"line":107,"column":8},"end":{"line":107,"column":4250}},"20":{"start":{"line":108,"column":12},"end":{"line":108,"column":61}},"21":{"start":{"line":110,"column":8},"end":{"line":110,"column":54
[...]
"column":8},"end":{"line":30,"column":36}},"5":{"start":{"line":34,"column":8},"end":{"line":34,"column":29}},"6":{"start":{"line":38,"column":8},"end":{"line":38,"column":17}},"7":{"start":{"line":42,"column":8},"end":{"line":42,"column":28}},"8":{"start":{"line":46,"column":8},"end":{"line":46,"column":36}},"9":{"start":{"line":50,"column":8},"end":{"line":50,"column":52}},"10":{"start":{"line":51,"column":8},"end":{"line":51,"column":80}},"11":{"start":{"line":52,"column":8},"end":{"line":52,"column":52}},"12":{"start":{"line":53,"column":8},"end":{"line":53,"column":32}},"13":{"start":{"line":54,"column":8},"end":{"line":54,"column":46}},"14":{"start":{"line":55,"column":8},"end":{"line":55,"column":21}},"15":{"start":{"line":63,"column":8},"end":{"line":63,"column":47}},"16":{"start":{"line":64,"column":8},"end":{"line":64,"column":1853}},"17":{"start":{"line":65,"column":12},"end":{"line":65,"column":65}},"18":{"start":{"line":66,"column":12},"end":{"line":66,"column":100}},"19":{"start":{"line":67,"column":12},"end":{"line":67,"column":2066}},"20":{"start":{"line":68,"column":16},"end":{"line":68,"column":69}},"21":{"start":{"line":69,"column":16},"end":{"line":69,"column":70}},"22":{"start":{"line":72,"column":8},"end":{"line":72,"column":80}},"23":{"start":{"line":73,"column":8},"end":{"line":73,"column":47}},"24":{"start":{"line":74,"column":8},"end":{"line":74,"column":32}},"25":{"start":{"line":75,"column":8},"end":{"line":75,"column":41}},"26":{"start":{"line":76,"column":8},"end":{"line":76,"column":21}},"27":{"start":{"line":80,"column":8},"end":{"line":80,"column":50}},"28":{"start":{"line":81,"column":8},"end":{"line":81,"column":51}},"29":{"start":{"line":82,"column":8},"end":{"line":82,"column":22}},"30":{"start":{"line":86,"column":8},"end":{"line":86,"column":64}},"31":{"start":{"line":87,"column":8},"end":{"line":87,"column":51}},"32":{"start":{"line":88,"column":8},"end":{"line":88,"column":93}},"33":{"start":{"line":89,"column":8},"end":{"line":89,"column":56}},"34":{"start":{"line":90,"column":8},"end":{"line":90,"column":57}},"35":{"start":{"line":91,"column":8},"end":{"line":91,"column":21}},"36":{"start":{"line":95,"column":8},"end":{"line":95,"column":64}},"37":{"start":{"line":96,"column":8},"end":{"line":96,"column":85}},"38":{"start":{"line":97,"column":8},"end":{"line":97,"column":28}},"39":{"start":{"line":98,"column":8},"end":{"line":98,"column":55}},"40":{"start":{"line":99,"column":8},"end":{"line":99,"column":56}},"41":{"start":{"line":100,"column":8},"end":{"line":100,"column":21}},"42":{"start":{"line":104,"column":8},"end":{"line":104,"column":50}},"43":{"start":{"line":108,"column":8},"end":{"line":108,"column":64}},"44":{"start":{"line":109,"column":8},"end":{"line":109,"column":33}},"45":{"start":{"line":110,"column":8},"end":{"line":110,"column":31}},"46":{"start":{"line":111,"column":8},"end":{"line":111,"column":54}},"47":{"start":{"line":115,"column":8},"end":{"line":115,"column":64}},"48":{"start":{"line":116,"column":8},"end":{"line":116,"column":37}},"49":{"start":{"line":117,"column":8},"end":{"line":117,"column":65}},"50":{"start":{"line":118,"column":8},"end":{"line":118,"column":38}},"51":{"start":{"line":119,"column":8},"end":{"line":119,"column":31}},"52":{"start":{"line":120,"column":8},"end":{"line":120,"column":54}}},"branchMap":{"1":{"line":25,"type":"if","locations":[{"start":{"line":25,"column":8},"end":{"line":25,"column":8}},{"start":{"line":25,"column":8},"end":{"line":25,"column":8}}]},"2":{"line":51,"type":"if","locations":[{"start":{"line":51,"column":8},"end":{"line":51,"column":8}},{"start":{"line":51,"column":8},"end":{"line":51,"column":8}}]},"3":{"line":64,"type":"if","locations":[{"start":{"line":64,"column":8},"end":{"line":64,"column":8}},{"start":{"line":64,"column":8},"end":{"line":64,"column":8}}]},"4":{"line":66,"type":"if","locations":[{"start":{"line":66,"column":12},"end":{"line":66,"column":12}},{"start":{"line":66,"column":12},"end":{"line":66,"column":12}}]},"5":{"line":67,"type":"if","locations":[{"start":{"line":67,"column":12},"end":{"line":67,"column":12}},{"start":{"line":67,"column":12},"end":{"line":67,"column":12}}]},"6":{"line":72,"type":"if","locations":[{"start":{"line":72,"column":8},"end":{"line":72,"column":8}},{"start":{"line":72,"column":8},"end":{"line":72,"column":8}}]},"7":{"line":88,"type":"if","locations":[{"start":{"line":88,"column":8},"end":{"line":88,"column":8}},{"start":{"line":88,"column":8},"end":{"line":88,"column":8}}]},"8":{"line":96,"type":"if","locations":[{"start":{"line":96,"column":8},"end":{"line":96,"column":8}},{"start":{"line":96,"column":8},"end":{"line":96,"column":8}}]},"9":{"line":108,"type":"if","locations":[{"start":{"line":108,"column":8},"end":{"line":108,"column":8}},{"start":{"line":108,"column":8},"end":{"line":108,"column":8}}]},"10":{"line":115,"type":"if","locations":[{"start":{"line":115,"column":8},"end":{"line":115,"column":8}},{"start":{"line":115,"column":8},"end":{"line":115,"column":8}}]},"11":{"line":117,"type":"if","locations":[{"start":{"line":117,"column":8},"end":{"line":117,"column":8}},{"start":{"line":117,"column":8},"end":{"line":117,"column":8}}]}}},
"contracts/StkGHSTWETH.sol":{"l":{"21":0,"25":0,"26":0,"30":0,"34":0,"38":0,"42":0,"46":0,"50":0,"51":0,"52":0,"53":0,"54":0,"55":0,"63":0,"64":0,"65":0,"66":0,"67":0,"68":0,"69":0,"72":0,"73":0,"74":0,"75":0,"76":0,"80":0,"81":0,"82":0,"86":0,"87":0,"88":0,"89":0,"90":0,"91":0,"95":0,"96":0,"97":0,"98":0,"99":0,"100":0,"104":0,"108":0,"109":0,"110":0,"111":0,"115":0,"116":0,"117":0,"118":0,"119":0,"120":0},"path":"/Users/marcoruggeri/code/NEWbegin/ethereum/ghst-staking/contracts/StkGHSTWETH.sol","s":{"1":0,"2":0,"3":0,"4":0,"5":0,"6":0,"7":0,"8":0,"9":0,"10":0,"11":0,"12":0,"13":0,"14":0,"15":0,"16":0,"17":0,"18":0,"19":0,"20":0,"21":0,"22":0,"23":0,"24":0,"25":0,"26":0,"27":0,"28":0,"29":0,"30":0,"31":0,"32":0,"33":0,"34":0,"35":0,"36":0,"37":0,"38":0,"39":0,"40":0,"41":0,"42":0,"43":0,"44":0,"45":0,"46":0,"47":0,"48":0,"49":0,"50":0,"51":0,"52":0},"b":{"1":[0,0],"2":[0,0],"3":[0,0],"4":[0,0],"5":[0,0],"6":[0,0],"7":[0,0],"8":[0,0],"9":[0,0],"10":[0,0],"11":[0,0]},"f":{"1":0,"2":0,"3":0,"4":0,"5":0,"6":0,"7":0,"8":0,"9":0,"10":0,"11":0,"12":0,"13":0,"14":0,"15":0},"fnMap":{"1":{"name":"constructor","line":20,"loc":{"start":{"line":20,"column":4},"end":{"line":22,"column":4}}},"2":{"name":"setMinter","line":24,"loc":{"start":{"line":24,"column":4},"end":{"line":27,"column":4}}},"3":{"name":"name","line":29,"loc":{"start":{"line":29,"column":4},"end":{"line":31,"column":4}}},"4":{"name":"symbol","line":33,"loc":{"start":{"line":33,"column":4},"end":{"line":35,"column":4}}},"5":{"name":"decimals","line":37,"loc":{"start":{"line":37,"column":4},"end":{"line":39,"column":4}}},"6":{"name":"totalSupply","line":41,"loc":{"start":{"line":41,"column":4},"end":{"line":43,"column":4}}},"7":{"name":"balanceOf","line":45,"loc":{"start":{"line":45,"column":4},"end":{"line":47,"column":4}}},"8":{"name":"transfer","line":49,"loc":{"start":{"line":49,"column":4},"end":{"line":56,"column":4}}},"9":{"name":"transferFrom","line":58,"loc":{"start":{"line":58,"column":4},"end":{"line":77,"column":4}}},"10":{"name":"approve","line":79,"loc":{"start":{"line":79,"column":4},"end":{"line":83,"column":4}}},"11":{"name":"increaseAllowance","line":85,"loc":{"start":{"line":85,"column":4},"end":{"line":92,"column":4}}},"12":{"name":"decreaseAllowance","line":94,"loc":{"start":{"line":94,"column":4},"end":{"line":101,"column":4}}},"13":{"name":"allowance","line":103,"loc":{"start":{"line":103,"column":4},"end":{"line":105,"column":4}}},"14":{"name":"mint","line":107,"loc":{"start":{"line":107,"column":4},"end":{"line":112,"column":4}}},"15":{"name":"burn","line":114,"loc":{"start":{"line":114,"column":4},"end":{"line":121,"column":4}}}},"statementMap":{"1":{"start":{"line":21,"column":8},"end":{"line":21,"column":25}},"2":{"start":{"line":25,"column":8},"end":{"line":25,"column":73}},"3":{"start":{"line":26,"column":8},"end":{"line":26,"column":28}},"4":{"start":{"line":30,"column":8},"end":{"line":30,"column":36}},"5":{"start":{"line":34,"column":8},"end":{"line":34,"column":29}},"6":{"start":{"line":38,"column":8},"end":{"line":38,"column":17}},"7":{"start":{"line":42,"column":8},"end":{"line":42,"column":28}},"8":{"start":{"line":46,"column":8},"end":{"line":46,"column":36}},"9":{"start":{"line":50,"column":8},"end":{"line":50,"column":52}},"10":{"start":{"line":51,"column":8},"end":{"line":51,"column":80}},"11":{"start":{"line":52,"column":8},"end":{"line":52,"column":52}},"12":{"start":{"line":53,"column":8},"end":{"line":53,"column":32}},"13":{"start":{"line":54,"column":8},"end":{"line":54,"column":46}},"14":{"start":{"line":55,"column":8},"end":{"line":55,"column":21}},"15":{"start":{"line":63,"column":8},"end":{"line":63,"column":47}},"16":{"start":{"line":64,"column":8},"end":{"line":64,"column":1853}},"17":{"start":{"line":65,"column":12},"end":{"line":65,"column":65}},"18":{"start":{"line":66,"column":12},"end":{"line":66,"column":100}},"19":{"start":{"line":67,"column":12},"end":{"line":67,"column":2066}},"20":{"start":{"line":68,"column":16},"end":{"line":68,"column":69}},"21":{"start":{"line":69,"column":16},"end":{"line":69,"column":70}},"22":{"start":{"line":72,"column":8},"end":{"line":72,"column":80}},"23":{"start":{"line":73,"column":8},"end":{"line":73,"column":47}},"24":{"start":{"line":74,"column":8},"end":{"line":74,"column":32}},"25":{"start":{"line":75,"column":8},"end":{"line":75,"column":41}},"26":{"start":{"line":76,"column":8},"end":{"line":76,"column":21}},"27":{"start":{"line":80,"column":8},"end":{"line":80,"column":50}},"28":{"start":{"line":81,"column":8},"end":{"line":81,"column":51}},"29":{"start":{"line":82,"column":8},"end":{"line":82,"column":22}},"30":{"start":{"line":86,"column":8},"end":{"line":86,"column":64}},"31":{"start":{"line":87,"column":8},"end":{"line":87,"column":51}},"32":{"start":{"line":88,"column":8},"end":{"line":88,"column":93}},"33":{"start":{"line":89,"column":8},"end":{"line":89,"column":56}},"34":{"start":{"line":90,"column":8},"end":{"line":90,"column":57}},"35":{"start":{"line":91,"column":8},"end":{"line":91,"column":21}},"36":{"start":{"line":95,"column":8},"end":{"line":95,"column":64}},"37":{"start":{"line":96,"column":8},"end":{"line":96,"column":85}},"38":{"start":{"line":97,"column":8},"end":{"line":97,"column":28}},"39":{"start":{"line":98,"column":8},"end":{"line":98,"column":55}},"40":{"start":{"line":99,"column":8},"end":{"line":99,"column":56}},"41":{"start":{"line":100,"column":8},"end":{"line":100,"column":21}},"42":{"start":{"line":104,"column":8},"end":{"line":104,"column":50}},"43":{"start":{"line":108,"column":8},"end":{"line":108,"column":64}},"44":{"start":{"line":109,"column":8},"end":{"line":109,"column":33}},"45":{"start":{"line":110,"column":8},"end":{"line":110,"column":31}},"46":{"start":{"line":111,"column":8},"end":{"line":111,"column":54}},"47":{"start":{"line":115,"column":8},"end":{"line":115,"column":64}},"48":{"start":{"line":116,"column":8},"end":{"line":116,"column":37}},"49":{"start":{"line":117,"column":8},"end":{"line":117,"column":65}},"50":{"start":{"line":118,"column":8},"end":{"line":118,"column":38}},"51":{"start":{"line":119,"column":8},"end":{"line":119,"column":31}},"52":{"start":{"line":120,"column":8},"end":{"line":120,"column":54}}},"branchMap":{"1":{"line":25,"type":"if","locations":[{"start":{"line":25,"column":8},"end":{"line":25,"column":8}},{"start":{"line":25,"column":8},"end":{"line":25,"column":8}}]},"2":{"line":51,"type":"if","locations":[{"start":{"line":51,"column":8},"end":{"line":51,"column":8}},{"start":{"line":51,"column":8},"end":{"line":51,"column":8}}]},"3":{"line":64,"type":"if","locations":[{"start":{"line":64,"column":8},"end":{"line":64,"column":8}},{"start":{"line":64,"column":8},"end":{"line":64,"column":8}}]},"4":{"line":66,"type":"if","locations":[{"start":{"line":66,"column":12},"end":{"line":66,"column":12}},{"start":{"line":66,"column":12},"end":{"line":66,"column":12}}]},"5":{"line":67,"type":"if","locations":[{"start":{"line":67,"column":12},"end":{"line":67,"column":12}},{"start":{"line":67,"column":12},"end":{"line":67,"column":12}}]},"6":{"line":72,"type":"if","locations":[{"start":{"line":72,"column":8},"end":{"line":72,"column":8}},{"start":{"line":72,"column":8},"end":{"line":72,"column":8}}]},"7":{"line":88,"type":"if","locations":[{"start":{"line":88,"column":8},"end":{"line":88,"column":8}},{"start":{"line":88,"column":8},"end":{"line":88,"column":8}}]},"8":{"line":96,"type":"if","locations":[{"start":{"line":96,"column":8},"end":{"line":96,"column":8}},{"start":{"line":96,"column":8},"end":{"line":96,"column":8}}]},"9":{"line":108,"type":"if","locations":[{"start":{"line":108,"column":8},"end":{"line":108,"column":8}},{"start":{"line":108,"column":8},"end":{"line":108,"column":8}}]},"10":{"line":115,"type":"if","locations":[{"start":{"line":115,"column":8},"end":{"line":115,"column":8}},{"start":{"line":115,"column":8},"end":{"line":115,"column":8}}]},"11":{"line":117,"type":"if","locations":[{"start":{"line":117,"column":8},"end":{"line":117,"column":8}},{"start":{"line":117,"column":8},"end":{"line":117,"column":8}}]}}},
"contracts/test/GHST/AppStorage.sol":{"l":{},"path":"/Users/marcoruggeri/code/NEWbegin/ethereum/ghst-staking/contracts/test/GHST/AppStorage.sol","s":{},"b":{},"f":{},"fnMap":{},"statementMap":{},"branchMap":{}},
"contracts/test/GHST/ERC20.sol":{"l":{"16":0,"20":0,"24":0,"28":0,"32":0,"36":0,"37":0,"38":0,"39":0,"40":0,"41":0,"45":0,"53":0,"54":0,"57":0,"58":0,"59":0,"60":0,"61":0,"64":0,"65":0,"66":0,"67":0,"68":0,"72":0,"73":0,"74":0,"78":0,"79":0,"80":0,"81":0,"82":0,"83":0,"87":0,"88":0,"89":0,"90":0,"91":0,"92":0,"96":0,"100":0,"101":0,"102":0,"103":0},"path":"/Users/marcoruggeri/code/NEWbegin/ethereum/ghst-staking/contracts/test/GHST/ERC20.sol","s":{"1":0,"2":0,"3":0,"4":0,"5":0,"6":0,"7":0,"8":0,"9":0,"10":0,"11":0,"12":0,"13":0,"14":0,"15":0,"16":0,"17":0,"18":0,"19":0,"20":0,"21":0,"22":0,"23":0,"24":0,"25":0,"26":0,"27":0,"28":0,"29":0,"30":0,"31":0,"32":0,"33":0,"34":0,"35":0,"36":0,"37":0,"38":0,"39":0,"40":0,"41":0,"42":0,"43":0,"44":0},"b":{"1":[0,0],"2":[0,0],"3":[0,0],"4":[0,0],"5":[0,0],"6":[0,0],"7":[0,0]},"f":{"1":0,"2":0,"3":0,"4":0,"5":0,"6":0,"7":0,"8":0,"9":0,"10":0,"11":0,"12":0,"13":0},"fnMap":{"1":{"name":"name","line":15,"loc":{"start":{"line":15,"column":4},"end":{"line":17,"column":4}}},"2":{"name":"symbol","line":19,"loc":{"start":{"line":19,"column":4},"end":{"line":21,"column":4}}},"3":{"name":"decimals","line":23,"loc":{"start":{"line":23,"column":4},"end":{"line":25,"column":4}}},"4":{"name":"totalSupply","line":27,"loc":{"start":{"line":27,"column":4},"end":{"line":29,"column":4}}},"5":{"name":"balanceOf","line":31,"loc":{"start":{"line":31,"column":4},"end":{"line":33,"column":4}}},"6":{"name":"transfer","line":35,"loc":{"start":{"line":35,"column":4},"end":{"line":42,"column":4}}},"7":{"name":"approvedContracts","line":44,"loc":{"start":{"line":44,"column":4},"end":{"line":46,"column":4}}},"8":{"name":"transferFrom","line":48,"loc":{"start":{"line":48,"column":4},"end":{"line":69,"column":4}}},"9":{"name":"approve","line":71,"loc":{"start":{"line":71,"column":4},"end":{"line":75,"column":4}}},"10":{"name":"increaseAllowance","line":77,"loc":{"start":{"line":77,"column":4},"end":{"line":84,"column":4}}},"11":{"name":"decreaseAllowance","line":86,"loc":{"start":{"line":86,"column":4},"end":{"line":93,"column":4}}},"12":{"name":"allowance","line":95,"loc":{"start":{"line":95,"column":4},"end":{"line":97,"column":4}}},"13":{"name":"mint","line":99,"loc":{"start":{"line":99,"column":4},"end":{"line":104,"column":4}}}},"statementMap":{"1":{"start":{"line":16,"column":8},"end":{"line":16,"column":22}},"2":{"start":{"line":20,"column":8},"end":{"line":20,"column":22}},"3":{"start":{"line":24,"column":8},"end":{"line":24,"column":17}},"4":{"start":{"line":28,"column":8},"end":{"line":28,"column":28}},"5":{"start":{"line":32,"column":8},"end":{"line":32,"column":35}},"6":{"start":{"line":36,"column":8},"end":{"line":36,"column":53}},"7":{"start":{"line":37,"column":8},"end":{"line":37,"column":75}},"8":{"start":{"line":38,"column":8},"end":{"line":38,"column":53}},"9":{"start":{"line":39,"column":8},"end":{"line":39,"column":32}},"10":{"start":{"line":40,"column":8},"end":{"line":40,"column":46}},"11":{"start":{"line":41,"column":8},"end":{"line":41,"column":21}},"12":{"start":{"line":45,"column":8},"end":{"line":45,"column":39}},"13":{"start":{"line":53,"column":8},"end":{"line":53,"column":47}},"14":{"start":{"line":54,"column":8},"end":{"line":54,"column":1573}},"15":{"start":{"line":57,"column":12},"end":{"line":57,"column":65}},"16":{"start":{"line":58,"column":12},"end":{"line":58,"column":74}},"17":{"start":{"line":59,"column":12},"end":{"line":59,"column":1842}},"18":{"start":{"line":60,"column":16},"end":{"line":60,"column":69}},"19":{"start":{"line":61,"column":16},"end":{"line":61,"column":70}},"20":{"start":{"line":64,"column":8},"end":{"line":64,"column":74}},"21":{"start":{"line":65,"column":8},"end":{"line":65,"column":47}},"22":{"start":{"line":66,"column":8},"end":{"line":66,"column":32}},"23":{"start":{"line":67,"column":8},"end":{"line":67,"column":41}},"24":{"start":{"line":68,"column":8},"end":{"line":68,"column":21}},"25":{"start":{"line":72,"column":8},"end":{"line":72,"column":50}},"26":{"start":{"line":73,"column":8},"end":{"line":73,"column":51}},"27":{"start":{"line":74,"column":8},"end":{"line":74,"column":21}},"28":{"start":{"line":78,"column":8},"end":{"line":78,"column":64}},"29":{"start":{"line":79,"column":8},"end":{"line":79,"column":51}},"30":{"start":{"line":80,"column":8},"end":{"line":80,"column":87}},"31":{"start":{"line":81,"column":8},"end":{"line":81,"column":56}},"32":{"start":{"line":82,"column":8},"end":{"line":82,"column":57}},"33":{"start":{"line":83,"column":8},"end":{"line":83,"column":21}},"34":{"start":{"line":87,"column":8},"end":{"line":87,"column":64}},"35":{"start":{"line":88,"column":8},"end":{"line":88,"column":79}},"36":{"start":{"line":89,"column":8},"end":{"line":89,"column":28}},"37":{"start":{"line":90,"column":8},"end":{"line":90,"column":55}},"38":{"start":{"line":91,"column":8},"end":{"line":91,"column":56}},"39":{"start":{"line":92,"column":8},"end":{"line":92,"column":21}},"40":{"start":{"line":96,"column":8},"end":{"line":96,"column":49}},"41":{"start":{"line":100,"column":8},"end":{"line":100,"column":41}},"42":{"start":{"line":101,"column":8},"end":{"line":101,"column":39}},"43":{"start":{"line":102,"column":8},"end":{"line":102,"column":38}},"44":{"start":{"line":103,"column":8},"end":{"line":103,"column":53}}},"branchMap":{"1":{"line":37,"type":"if","locations":[{"start":{"line":37,"column":8},"end":{"line":37,"column":8}},{"start":{"line":37,"column":8},"end":{"line":37,"column":8}}]},"2":{"line":54,"type":"if","locations":[{"start":{"line":54,"column":8},"end":{"line":54,"column":8}},{"start":{"line":54,"column":8},"end":{"line":54,"column":8}}]},"3":{"line":58,"type":"if","locations":[{"start":{"line":58,"column":12},"end":{"line":58,"column":12}},{"start":{"line":58,"column":12},"end":{"line":58,"column":12}}]},"4":{"line":59,"type":"if","locations":[{"start":{"line":59,"column":12},"end":{"line":59,"column":12}},{"start":{"line":59,"column":12},"end":{"line":59,"column":12}}]},"5":{"line":64,"type":"if","locations":[{"start":{"line":64,"column":8},"end":{"line":64,"column":8}},{"start":{"line":64,"column":8},"end":{"line":64,"column":8}}]},"6":{"line":80,"type":"if","locations":[{"start":{"line":80,"column":8},"end":{"line":80,"column":8}},{"start":{"line":80,"column":8},"end":{"line":80,"column":8}}]},"7":{"line":88,"type":"if","locations":[{"start":{"line":88,"column":8},"end":{"line":88,"column":8}},{"start":{"line":88,"column":8},"end":{"line":88,"column":8}}]}}}}
