TN:
SF:/Users/marcoruggeri/code/NEWbegin/ethereum/ghst-staking/contracts/Airdrop.sol
FN:8,airdropToken
FN:20,airdropMatic
FNF:2
FNH:0
FNDA:0,airdropToken
FNDA:0,airdropMatic
DA:13,0
DA:14,0
DA:15,0
DA:16,0
DA:21,0
DA:22,0
DA:23,0
DA:24,0
DA:25,0
DA:26,0
DA:28,0
DA:30,0
LF:12
LH:0
BRDA:13,1,0,0
BRDA:13,1,1,0
BRDA:14,2,0,0
BRDA:14,2,1,0
BRDA:21,3,0,0
BRDA:21,3,1,0
BRDA:22,4,0,0
BRDA:22,4,1,0
BRDA:25,5,0,0
BRDA:25,5,1,0
BRDA:26,6,0,0
BRDA:26,6,1,0
BRF:12
BRH:0
end_of_record
TN:
SF:/Users/marcoruggeri/code/NEWbegin/ethereum/ghst-staking/contracts/facets/DiamondCutFacet.sol
FN:22,diamondCut
FNF:1
FNH:0
FNDA:0,diamondCut
DA:27,0
DA:28,0
DA:29,0
DA:30,0
DA:31,0
DA:33,0
DA:35,0
DA:38,0
DA:39,0
DA:47,0
DA:48,0
DA:51,0
DA:52,0
DA:54,0
DA:55,0
LF:15
LH:0
BRDA:33,1,0,0
BRDA:33,1,1,0
BRDA:47,2,0,0
BRDA:47,2,1,0
BRDA:51,3,0,0
BRDA:51,3,1,0
BRF:6
BRH:0
end_of_record
TN:
SF:/Users/marcoruggeri/code/NEWbegin/ethereum/ghst-staking/contracts/facets/DiamondLoupeFacet.sol
FN:26,facets
FN:81,facetFunctionSelectors
FN:110,facetAddresses
FN:150,facetAddress
FN:156,supportsInterface
FNF:5
FNH:0
FNDA:0,facets
FNDA:0,facetFunctionSelectors
FNDA:0,facetAddresses
FNDA:0,facetAddress
FNDA:0,supportsInterface
DA:27,0
DA:28,0
DA:29,0
DA:30,0
DA:31,0
DA:33,0
DA:34,0
DA:35,0
DA:36,0
DA:37,0
DA:38,0
DA:40,0
DA:41,0
DA:42,0
DA:43,0
DA:44,0
DA:45,0
DA:47,0
DA:48,0
DA:49,0
DA:50,0
DA:53,0
DA:54,0
DA:55,0
DA:57,0
DA:58,0
DA:59,0
DA:60,0
DA:61,0
DA:64,0
DA:65,0
DA:66,0
DA:68,0
DA:73,0
DA:82,0
DA:83,0
DA:84,0
DA:85,0
DA:87,0
DA:88,0
DA:89,0
DA:90,0
DA:91,0
DA:92,0
DA:94,0
DA:95,0
DA:96,0
DA:97,0
DA:98,0
DA:103,0
DA:111,0
DA:112,0
DA:113,0
DA:114,0
DA:116,0
DA:117,0
DA:118,0
DA:119,0
DA:120,0
DA:121,0
DA:123,0
DA:124,0
DA:125,0
DA:126,0
DA:127,0
DA:128,0
DA:129,0
DA:132,0
DA:133,0
DA:134,0
DA:136,0
DA:137,0
DA:141,0
DA:151,0
DA:152,0
DA:157,0
DA:158,0
LF:77
LH:0
BRDA:37,1,0,0
BRDA:37,1,1,0
BRDA:44,2,0,0
BRDA:44,2,1,0
BRDA:47,3,0,0
BRDA:47,3,1,0
BRDA:53,4,0,0
BRDA:53,4,1,0
BRDA:91,5,0,0
BRDA:91,5,1,0
BRDA:96,6,0,0
BRDA:96,6,1,0
BRDA:120,7,0,0
BRDA:120,7,1,0
BRDA:127,8,0,0
BRDA:127,8,1,0
BRDA:132,9,0,0
BRDA:132,9,1,0
BRF:18
BRH:0
end_of_record
TN:
SF:/Users/marcoruggeri/code/NEWbegin/ethereum/ghst-staking/contracts/facets/GHSTStakingTokenFacet.sol
FN:16,name
FN:20,symbol
FN:24,decimals
FN:28,totalSupply
FN:32,balanceOf
FN:36,transfer
FN:46,transferFrom
FN:68,approve
FN:75,increaseAllowance
FN:85,decreaseAllowance
FN:95,allowance
FNF:11
FNH:0
FNDA:0,name
FNDA:0,symbol
FNDA:0,decimals
FNDA:0,totalSupply
FNDA:0,balanceOf
FNDA:0,transfer
FNDA:0,transferFrom
FNDA:0,approve
FNDA:0,increaseAllowance
FNDA:0,decreaseAllowance
FNDA:0,allowance
DA:17,0
DA:21,0
DA:25,0
DA:29,0
DA:33,0
DA:37,0
DA:38,0
DA:39,0
DA:40,0
DA:41,0
DA:42,0
DA:43,0
DA:51,0
DA:52,0
DA:53,0
DA:54,0
DA:55,0
DA:56,0
DA:57,0
DA:58,0
DA:61,0
DA:62,0
DA:63,0
DA:64,0
DA:65,0
DA:69,0
DA:70,0
DA:71,0
DA:72,0
DA:76,0
DA:77,0
DA:78,0
DA:79,0
DA:80,0
DA:81,0
DA:82,0
DA:86,0
DA:87,0
DA:88,0
DA:89,0
DA:90,0
DA:91,0
DA:92,0
DA:96,0
LF:44
LH:0
BRDA:39,1,0,0
BRDA:39,1,1,0
BRDA:53,2,0,0
BRDA:53,2,1,0
BRDA:55,3,0,0
BRDA:55,3,1,0
BRDA:56,4,0,0
BRDA:56,4,1,0
BRDA:61,5,0,0
BRDA:61,5,1,0
BRDA:79,6,0,0
BRDA:79,6,1,0
BRDA:88,7,0,0
BRDA:88,7,1,0
BRF:14
BRH:0
end_of_record
TN:
SF:/Users/marcoruggeri/code/NEWbegin/ethereum/ghst-staking/contracts/facets/MetaTransactionsFacet.sol
FN:17,setDomainSeparator
FN:24,getChainID
FN:30,convertBytesToBytes4
FN:40,getDomainSeparator
FN:51,toTypedMessageHash
FN:55,hashMetaTransaction
FN:59,getNonce
FN:63,verify
FN:86,executeMetaTransaction
FNF:9
FNH:0
FNDA:0,setDomainSeparator
FNDA:0,getChainID
FNDA:0,convertBytesToBytes4
FNDA:0,getDomainSeparator
FNDA:0,toTypedMessageHash
FNDA:0,hashMetaTransaction
FNDA:0,getNonce
FNDA:0,verify
FNDA:0,executeMetaTransaction
DA:18,0
DA:19,0
DA:25,0
DA:31,0
DA:32,0
DA:35,0
DA:41,0
DA:52,0
DA:56,0
DA:60,0
DA:70,0
DA:71,0
DA:72,0
DA:93,0
DA:94,0
DA:95,0
DA:96,0
DA:97,0
DA:98,0
DA:100,0
DA:102,0
DA:103,0
DA:104,0
LF:23
LH:0
BRDA:31,1,0,0
BRDA:31,1,1,0
BRDA:71,2,0,0
BRDA:71,2,1,0
BRDA:94,3,0,0
BRDA:94,3,1,0
BRDA:97,4,0,0
BRDA:97,4,1,0
BRDA:102,5,0,0
BRDA:102,5,1,0
BRF:10
BRH:0
end_of_record
TN:
SF:/Users/marcoruggeri/code/NEWbegin/ethereum/ghst-staking/contracts/facets/OwnershipFacet.sol
FN:8,transferOwnership
FN:13,owner
FNF:2
FNH:0
FNDA:0,transferOwnership
FNDA:0,owner
DA:9,0
DA:10,0
DA:14,0
LF:3
LH:0
BRF:0
BRH:0
end_of_record
TN:
SF:/Users/marcoruggeri/code/NEWbegin/ethereum/ghst-staking/contracts/facets/StakingFacet.sol
FN:72,hasMigrated
FN:76,userEpoch
FN:80,getPoolInfo
FN:85,currentEpoch
FN:89,stakedInCurrentEpoch
FN:101,stakedInEpoch
FN:113,_frensForEpoch
FN:150,poolRatesInEpoch
FN:164,_epochFrens
FN:188,frens
FN:210,bulkFrens
FN:221,_addPoolInEpoch
FN:235,initiateEpoch
FN:251,updateRates
FN:275,bumpEpoch
FN:283,stakeIntoPool
FN:324,withdrawFromPool
FN:367,migrateToV2
FN:373,_updateFrens
FN:382,_migrateToV2
FN:409,stakeGhst
FN:413,stakePoolTokens
FN:417,stakeGhstUsdcPoolTokens
FN:421,stakeGhstWethPoolTokens
FN:425,withdrawGhstStake
FN:429,withdrawPoolStake
FN:433,withdrawGhstUsdcPoolStake
FN:437,withdrawGhstWethPoolStake
FN:445,getGhstUsdcPoolToken
FN:449,getStkGhstUsdcToken
FN:453,getGhstWethPoolToken
FN:457,getStkGhstWethToken
FN:461,staked
FN:488,claimTickets
FN:520,convertTickets
FN:573,ticketCost
FN:597,onlyRateManager
FN:602,isRateManager
FN:606,addRateManagers
FN:614,removeRateManagers
FNF:40
FNH:0
FNDA:0,hasMigrated
FNDA:0,userEpoch
FNDA:0,getPoolInfo
FNDA:0,currentEpoch
FNDA:0,stakedInCurrentEpoch
FNDA:0,stakedInEpoch
FNDA:0,_frensForEpoch
FNDA:0,poolRatesInEpoch
FNDA:0,_epochFrens
FNDA:0,frens
FNDA:0,bulkFrens
FNDA:0,_addPoolInEpoch
FNDA:0,initiateEpoch
FNDA:0,updateRates
FNDA:0,bumpEpoch
FNDA:0,stakeIntoPool
FNDA:0,withdrawFromPool
FNDA:0,migrateToV2
FNDA:0,_updateFrens
FNDA:0,_migrateToV2
FNDA:0,stakeGhst
FNDA:0,stakePoolTokens
FNDA:0,stakeGhstUsdcPoolTokens
FNDA:0,stakeGhstWethPoolTokens
FNDA:0,withdrawGhstStake
FNDA:0,withdrawPoolStake
FNDA:0,withdrawGhstUsdcPoolStake
FNDA:0,withdrawGhstWethPoolStake
FNDA:0,getGhstUsdcPoolToken
FNDA:0,getStkGhstUsdcToken
FNDA:0,getGhstWethPoolToken
FNDA:0,getStkGhstWethToken
FNDA:0,staked
FNDA:0,claimTickets
FNDA:0,convertTickets
FNDA:0,ticketCost
FNDA:0,onlyRateManager
FNDA:0,isRateManager
FNDA:0,addRateManagers
FNDA:0,removeRateManagers
DA:73,0
DA:77,0
DA:81,0
DA:82,0
DA:86,0
DA:91,0
DA:92,0
DA:93,0
DA:94,0
DA:95,0
DA:96,0
DA:97,0
DA:102,0
DA:103,0
DA:105,0
DA:106,0
DA:107,0
DA:108,0
DA:109,0
DA:114,0
DA:115,0
DA:116,0
DA:118,0
DA:121,0
DA:122,0
DA:123,0
DA:125,0
DA:126,0
DA:129,0
DA:134,0
DA:137,0
DA:139,0
DA:140,0
DA:142,0
DA:143,0
DA:144,0
DA:147,0
DA:151,0
DA:152,0
DA:154,0
DA:155,0
DA:156,0
DA:157,0
DA:158,0
DA:159,0
DA:165,0
DA:166,0
DA:169,0
DA:170,0
DA:172,0
DA:175,0
DA:178,0
DA:180,0
DA:181,0
DA:182,0
DA:190,0
DA:194,0
DA:196,0
DA:197,0
DA:200,0
DA:202,0
DA:204,0
DA:207,0
DA:211,0
DA:212,0
DA:213,0
DA:222,0
DA:223,0
DA:224,0
DA:226,0
DA:227,0
DA:228,0
DA:229,0
DA:231,0
DA:232,0
DA:236,0
DA:237,0
DA:238,0
DA:240,0
DA:241,0
DA:244,0
DA:245,0
DA:248,0
DA:252,0
DA:255,0
DA:256,0
DA:259,0
DA:262,0
DA:263,0
DA:266,0
DA:267,0
DA:268,0
DA:271,0
DA:276,0
DA:277,0
DA:278,0
DA:279,0
DA:280,0
DA:284,0
DA:286,0
DA:288,0
DA:291,0
DA:292,0
DA:293,0
DA:294,0
DA:295,0
DA:296,0
DA:297,0
DA:300,0
DA:303,0
DA:305,0
DA:309,0
DA:310,0
DA:311,0
DA:314,0
DA:315,0
DA:319,0
DA:321,0
DA:325,0
DA:327,0
DA:329,0
DA:332,0
DA:333,0
DA:336,0
DA:337,0
DA:340,0
DA:342,0
DA:344,0
DA:348,0
DA:349,0
DA:351,0
DA:352,0
DA:354,0
DA:356,0
DA:358,0
DA:361,0
DA:363,0
DA:368,0
DA:369,0
DA:374,0
DA:375,0
DA:376,0
DA:379,0
DA:383,0
DA:384,0
DA:385,0
DA:386,0
DA:389,0
DA:390,0
DA:391,0
DA:392,0
DA:395,0
DA:396,0
DA:397,0
DA:400,0
DA:402,0
DA:410,0
DA:414,0
DA:418,0
DA:422,0
DA:426,0
DA:430,0
DA:434,0
DA:438,0
DA:446,0
DA:450,0
DA:454,0
DA:458,0
DA:471,0
DA:472,0
DA:473,0
DA:474,0
DA:475,0
DA:477,0
DA:478,0
DA:479,0
DA:480,0
DA:489,0
DA:491,0
DA:492,0
DA:493,0
DA:494,0
DA:495,0
DA:496,0
DA:497,0
DA:498,0
DA:499,0
DA:500,0
DA:501,0
DA:502,0
DA:503,0
DA:504,0
DA:506,0
DA:507,0
DA:508,0
DA:509,0
DA:512,0
DA:513,0
DA:521,0
DA:522,0
DA:523,0
DA:524,0
DA:525,0
DA:526,0
DA:527,0
DA:528,0
DA:530,0
DA:531,0
DA:532,0
DA:533,0
DA:534,0
DA:535,0
DA:537,0
DA:538,0
DA:540,0
DA:541,0
DA:543,0
DA:545,0
DA:546,0
DA:547,0
DA:549,0
DA:550,0
DA:552,0
DA:553,0
DA:555,0
DA:556,0
DA:558,0
DA:560,0
DA:561,0
DA:564,0
DA:565,0
DA:574,0
DA:575,0
DA:577,0
DA:579,0
DA:581,0
DA:583,0
DA:585,0
DA:587,0
DA:589,0
DA:598,0
DA:599,0
DA:603,0
DA:607,0
DA:608,0
DA:609,0
DA:610,0
DA:615,0
DA:616,0
DA:617,0
DA:618,0
LF:251
LH:0
BRDA:91,1,0,0
BRDA:91,1,1,0
BRDA:121,2,0,0
BRDA:121,2,1,0
BRDA:125,3,0,0
BRDA:125,3,1,0
BRDA:169,4,0,0
BRDA:169,4,1,0
BRDA:172,5,0,0
BRDA:172,5,1,0
BRDA:190,6,0,0
BRDA:190,6,1,0
BRDA:223,7,0,0
BRDA:223,7,1,0
BRDA:224,8,0,0
BRDA:224,8,1,0
BRDA:237,9,0,0
BRDA:237,9,1,0
BRDA:238,10,0,0
BRDA:238,10,1,0
BRDA:252,11,0,0
BRDA:252,11,1,0
BRDA:277,12,0,0
BRDA:277,12,1,0
BRDA:278,13,0,0
BRDA:278,13,1,0
BRDA:279,14,0,0
BRDA:279,14,1,0
BRDA:288,15,0,0
BRDA:288,15,1,0
BRDA:295,16,0,0
BRDA:295,16,1,0
BRDA:300,17,0,0
BRDA:300,17,1,0
BRDA:305,18,0,0
BRDA:305,18,1,0
BRDA:307,19,0,0
BRDA:307,19,1,0
BRDA:329,20,0,0
BRDA:329,20,1,0
BRDA:336,21,0,0
BRDA:336,21,1,0
BRDA:337,22,0,0
BRDA:337,22,1,0
BRDA:340,23,0,0
BRDA:340,23,1,0
BRDA:344,24,0,0
BRDA:344,24,1,0
BRDA:347,25,0,0
BRDA:347,25,1,0
BRDA:352,26,0,0
BRDA:352,26,1,0
BRDA:471,27,0,0
BRDA:471,27,1,0
BRDA:489,28,0,0
BRDA:489,28,1,0
BRDA:497,29,0,0
BRDA:497,29,1,0
BRDA:500,30,0,0
BRDA:500,30,1,0
BRDA:501,31,0,0
BRDA:501,31,1,0
BRDA:512,32,0,0
BRDA:512,32,1,0
BRDA:513,33,0,0
BRDA:513,33,1,0
BRDA:521,34,0,0
BRDA:521,34,1,0
BRDA:530,35,0,0
BRDA:530,35,1,0
BRDA:533,36,0,0
BRDA:533,36,1,0
BRDA:534,37,0,0
BRDA:534,37,1,0
BRDA:540,38,0,0
BRDA:540,38,1,0
BRDA:541,39,0,0
BRDA:541,39,1,0
BRDA:555,40,0,0
BRDA:555,40,1,0
BRDA:564,41,0,0
BRDA:564,41,1,0
BRDA:565,42,0,0
BRDA:565,42,1,0
BRDA:574,43,0,0
BRDA:574,43,1,0
BRDA:576,44,0,0
BRDA:576,44,1,0
BRDA:578,45,0,0
BRDA:578,45,1,0
BRDA:580,46,0,0
BRDA:580,46,1,0
BRDA:582,47,0,0
BRDA:582,47,1,0
BRDA:584,48,0,0
BRDA:584,48,1,0
BRDA:586,49,0,0
BRDA:586,49,1,0
BRDA:598,50,0,0
BRDA:598,50,1,0
BRF:100
BRH:0
end_of_record
TN:
SF:/Users/marcoruggeri/code/NEWbegin/ethereum/ghst-staking/contracts/facets/TicketsFacet.sol
FN:31,setAavegotchiDiamond
FN:36,setBaseURI
FN:44,uri
FN:63,safeTransferFrom
FN:110,safeBatchTransferFrom
FN:146,totalSupplies
FN:153,totalSupply
FN:158,balanceOfAll
FN:171,balanceOf
FN:181,balanceOfBatch
FN:195,setApprovalForAll
FN:207,isApprovedForAll
FN:217,migrateTickets
FNF:13
FNH:0
FNDA:0,setAavegotchiDiamond
FNDA:0,setBaseURI
FNDA:0,uri
FNDA:0,safeTransferFrom
FNDA:0,safeBatchTransferFrom
FNDA:0,totalSupplies
FNDA:0,totalSupply
FNDA:0,balanceOfAll
FNDA:0,balanceOf
FNDA:0,balanceOfBatch
FNDA:0,setApprovalForAll
FNDA:0,isApprovedForAll
FNDA:0,migrateTickets
DA:32,0
DA:33,0
DA:37,0
DA:38,0
DA:39,0
DA:40,0
DA:45,0
DA:46,0
DA:70,0
DA:71,0
DA:72,0
DA:73,0
DA:74,0
DA:75,0
DA:76,0
DA:77,0
DA:78,0
DA:79,0
DA:80,0
DA:82,0
DA:83,0
DA:86,0
DA:87,0
DA:117,0
DA:118,0
DA:119,0
DA:120,0
DA:121,0
DA:122,0
DA:123,0
DA:124,0
DA:125,0
DA:126,0
DA:127,0
DA:129,0
DA:130,0
DA:131,0
DA:132,0
DA:134,0
DA:135,0
DA:138,0
DA:139,0
DA:147,0
DA:148,0
DA:149,0
DA:154,0
DA:155,0
DA:159,0
DA:160,0
DA:161,0
DA:172,0
DA:182,0
DA:183,0
DA:184,0
DA:185,0
DA:196,0
DA:197,0
DA:198,0
DA:208,0
DA:218,0
DA:219,0
DA:220,0
DA:221,0
DA:222,0
DA:223,0
DA:224,0
DA:225,0
DA:226,0
DA:227,0
DA:229,0
LF:70
LH:0
BRDA:45,1,0,0
BRDA:45,1,1,0
BRDA:70,2,0,0
BRDA:70,2,1,0
BRDA:72,3,0,0
BRDA:72,3,1,0
BRDA:74,4,0,0
BRDA:74,4,1,0
BRDA:79,5,0,0
BRDA:79,5,1,0
BRDA:86,6,0,0
BRDA:86,6,1,0
BRDA:87,7,0,0
BRDA:87,7,1,0
BRDA:117,8,0,0
BRDA:117,8,1,0
BRDA:118,9,0,0
BRDA:118,9,1,0
BRDA:120,10,0,0
BRDA:120,10,1,0
BRDA:125,11,0,0
BRDA:125,11,1,0
BRDA:131,12,0,0
BRDA:131,12,1,0
BRDA:138,13,0,0
BRDA:138,13,1,0
BRDA:139,14,0,0
BRDA:139,14,1,0
BRDA:154,15,0,0
BRDA:154,15,1,0
BRDA:182,16,0,0
BRDA:182,16,1,0
BRDA:222,17,0,0
BRDA:222,17,1,0
BRF:34
BRH:0
end_of_record
TN:
SF:/Users/marcoruggeri/code/NEWbegin/ethereum/ghst-staking/contracts/GHSTStakingDiamond.sol
FN:34,constructor
FN:76,
FNF:2
FNH:0
FNDA:0,constructor
FNDA:0,
DA:35,0
DA:36,0
DA:37,0
DA:39,0
DA:40,0
DA:42,0
DA:44,0
DA:45,0
DA:46,0
DA:48,0
DA:49,0
DA:52,0
DA:54,0
DA:55,0
DA:59,0
DA:63,0
DA:66,0
DA:67,0
DA:68,0
DA:69,0
DA:70,0
DA:71,0
DA:77,0
DA:78,0
DA:79,0
DA:82,0
DA:83,0
DA:84,0
DA:99,0
LF:29
LH:0
BRDA:35,1,0,0
BRDA:35,1,1,0
BRDA:36,2,0,0
BRDA:36,2,1,0
BRDA:37,3,0,0
BRDA:37,3,1,0
BRDA:83,4,0,0
BRDA:83,4,1,0
BRF:8
BRH:0
end_of_record
TN:
SF:/Users/marcoruggeri/code/NEWbegin/ethereum/ghst-staking/contracts/interfaces/IDiamondCut.sol
FNF:0
FNH:0
LF:0
LH:0
BRF:0
BRH:0
end_of_record
TN:
SF:/Users/marcoruggeri/code/NEWbegin/ethereum/ghst-staking/contracts/interfaces/IDiamondLoupe.sol
FNF:0
FNH:0
LF:0
LH:0
BRF:0
BRH:0
end_of_record
TN:
SF:/Users/marcoruggeri/code/NEWbegin/ethereum/ghst-staking/contracts/interfaces/IERC1155.sol
FNF:0
FNH:0
LF:0
LH:0
BRF:0
BRH:0
end_of_record
TN:
SF:/Users/marcoruggeri/code/NEWbegin/ethereum/ghst-staking/contracts/interfaces/IERC1155Metadata_URI.sol
FNF:0
FNH:0
LF:0
LH:0
BRF:0
BRH:0
end_of_record
TN:
SF:/Users/marcoruggeri/code/NEWbegin/ethereum/ghst-staking/contracts/interfaces/IERC1155TokenReceiver.sol
FNF:0
FNH:0
LF:0
LH:0
BRF:0
BRH:0
end_of_record
TN:
SF:/Users/marcoruggeri/code/NEWbegin/ethereum/ghst-staking/contracts/interfaces/IERC165.sol
FNF:0
FNH:0
LF:0
LH:0
BRF:0
BRH:0
end_of_record
TN:
SF:/Users/marcoruggeri/code/NEWbegin/ethereum/ghst-staking/contracts/interfaces/IERC173.sol
FNF:0
FNH:0
LF:0
LH:0
BRF:0
BRH:0
end_of_record
TN:
SF:/Users/marcoruggeri/code/NEWbegin/ethereum/ghst-staking/contracts/interfaces/IERC20.sol
FNF:0
FNH:0
LF:0
LH:0
BRF:0
BRH:0
end_of_record
TN:
SF:/Users/marcoruggeri/code/NEWbegin/ethereum/ghst-staking/contracts/interfaces/IGHSTStakingDiamond.sol
FNF:0
FNH:0
LF:0
LH:0
BRF:0
BRH:0
end_of_record
TN:
SF:/Users/marcoruggeri/code/NEWbegin/ethereum/ghst-staking/contracts/interfaces/IUniswapV2Pair.sol
FNF:0
FNH:0
LF:0
LH:0
BRF:0
BRH:0
end_of_record
TN:
SF:/Users/marcoruggeri/code/NEWbegin/ethereum/ghst-staking/contracts/libraries/AppStorage.sol
FNF:0
FNH:0
LF:0
LH:0
BRF:0
BRH:0
end_of_record
TN:
SF:/Users/marcoruggeri/code/NEWbegin/ethereum/ghst-staking/contracts/libraries/LibDiamond.sol
FN:39,diamondStorage
FN:48,setContractOwner
FN:55,contractOwner
FN:59,enforceIsContractOwner
FN:63,onlyOwner
FN:79,diamondCut
FN:114,addReplaceRemoveFacetSelectors
FN:216,initializeDiamondCut
FN:236,enforceHasContractCode
FNF:9
FNH:0
FNDA:0,diamondStorage
FNDA:0,setContractOwner
FNDA:0,contractOwner
FNDA:0,enforceIsContractOwner
FNDA:0,onlyOwner
FNDA:0,diamondCut
FNDA:0,addReplaceRemoveFacetSelectors
FNDA:0,initializeDiamondCut
FNDA:0,enforceHasContractCode
DA:40,0
DA:41,0
DA:49,0
DA:50,0
DA:51,0
DA:52,0
DA:56,0
DA:60,0
DA:64,0
DA:65,0
DA:84,0
DA:85,0
DA:86,0
DA:87,0
DA:89,0
DA:91,0
DA:94,0
DA:95,0
DA:103,0
DA:104,0
DA:107,0
DA:108,0
DA:110,0
DA:111,0
DA:121,0
DA:122,0
DA:123,0
DA:124,0
DA:125,0
DA:126,0
DA:127,0
DA:128,0
DA:129,0
DA:131,0
DA:132,0
DA:134,0
DA:136,0
DA:137,0
DA:138,0
DA:140,0
DA:143,0
DA:144,0
DA:145,0
DA:146,0
DA:147,0
DA:148,0
DA:150,0
DA:151,0
DA:152,0
DA:154,0
DA:157,0
DA:158,0
DA:159,0
DA:160,0
DA:161,0
DA:163,0
DA:164,0
DA:165,0
DA:167,0
DA:168,0
DA:169,0
DA:171,0
DA:172,0
DA:173,0
DA:174,0
DA:176,0
DA:179,0
DA:180,0
DA:182,0
DA:184,0
DA:185,0
DA:186,0
DA:187,0
DA:189,0
DA:190,0
DA:192,0
DA:196,0
DA:199,0
DA:203,0
DA:204,0
DA:205,0
DA:207,0
DA:209,0
DA:211,0
DA:213,0
DA:217,0
DA:218,0
DA:220,0
DA:221,0
DA:222,0
DA:224,0
DA:225,0
DA:226,0
DA:228,0
DA:230,0
DA:237,0
DA:238,0
DA:241,0
LF:98
LH:0
BRDA:60,1,0,0
BRDA:60,1,1,0
BRDA:64,2,0,0
BRDA:64,2,1,0
BRDA:89,3,0,0
BRDA:89,3,1,0
BRDA:103,4,0,0
BRDA:103,4,1,0
BRDA:107,5,0,0
BRDA:107,5,1,0
BRDA:122,6,0,0
BRDA:122,6,1,0
BRDA:123,7,0,0
BRDA:123,7,1,0
BRDA:124,8,0,0
BRDA:124,8,1,0
BRDA:129,9,0,0
BRDA:129,9,1,0
BRDA:136,10,0,0
BRDA:136,10,1,0
BRDA:142,11,0,0
BRDA:142,11,1,0
BRDA:143,12,0,0
BRDA:143,12,1,0
BRDA:150,13,0,0
BRDA:150,13,1,0
BRDA:151,14,0,0
BRDA:151,14,1,0
BRDA:152,15,0,0
BRDA:152,15,1,0
BRDA:156,16,0,0
BRDA:156,16,1,0
BRDA:157,17,0,0
BRDA:157,17,1,0
BRDA:161,18,0,0
BRDA:161,18,1,0
BRDA:174,19,0,0
BRDA:174,19,1,0
BRDA:176,20,0,0
BRDA:176,20,1,0
BRDA:180,21,0,0
BRDA:180,21,1,0
BRDA:189,22,0,0
BRDA:189,22,1,0
BRDA:203,23,0,0
BRDA:203,23,1,0
BRDA:217,24,0,0
BRDA:217,24,1,0
BRDA:218,25,0,0
BRDA:218,25,1,0
BRDA:220,26,0,0
BRDA:220,26,1,0
BRDA:221,27,0,0
BRDA:221,27,1,0
BRDA:225,28,0,0
BRDA:225,28,1,0
BRDA:226,29,0,0
BRDA:226,29,1,0
BRDA:241,30,0,0
BRDA:241,30,1,0
BRF:60
BRH:0
end_of_record
TN:
SF:/Users/marcoruggeri/code/NEWbegin/ethereum/ghst-staking/contracts/libraries/LibERC20.sol
FN:12,transferFrom
FN:27,transfer
FN:41,handleReturn
FNF:3
FNH:0
FNDA:0,transferFrom
FNDA:0,transfer
FNDA:0,handleReturn
DA:18,0
DA:19,0
DA:22,0
DA:23,0
DA:24,0
DA:32,0
DA:33,0
DA:36,0
DA:37,0
DA:38,0
DA:42,0
DA:43,0
DA:44,0
DA:47,0
DA:49,0
DA:51,0
LF:16
LH:0
BRDA:22,1,0,0
BRDA:22,1,1,0
BRDA:36,2,0,0
BRDA:36,2,1,0
BRDA:42,3,0,0
BRDA:42,3,1,0
BRDA:43,4,0,0
BRDA:43,4,1,0
BRDA:44,5,0,0
BRDA:44,5,1,0
BRDA:47,6,0,0
BRDA:47,6,1,0
BRF:12
BRH:0
end_of_record
TN:
SF:/Users/marcoruggeri/code/NEWbegin/ethereum/ghst-staking/contracts/libraries/LibMath.sol
FN:17,p27Mul
FNF:1
FNH:0
FNDA:0,p27Mul
DA:18,0
DA:19,0
DA:20,0
DA:22,0
DA:23,0
DA:24,0
DA:25,0
LF:7
LH:0
BRDA:19,1,0,0
BRDA:19,1,1,0
BRDA:22,2,0,0
BRDA:22,2,1,0
BRDA:24,3,0,0
BRDA:24,3,1,0
BRF:6
BRH:0
end_of_record
TN:
SF:/Users/marcoruggeri/code/NEWbegin/ethereum/ghst-staking/contracts/libraries/LibMeta.sol
FN:5,msgSender
FNF:1
FNH:0
FNDA:0,msgSender
DA:6,0
DA:7,0
DA:8,0
DA:9,0
DA:14,0
LF:5
LH:0
BRDA:6,1,0,0
BRDA:6,1,1,0
BRF:2
BRH:0
end_of_record
TN:
SF:/Users/marcoruggeri/code/NEWbegin/ethereum/ghst-staking/contracts/libraries/LibStrings.sol
FN:13,uintStr
FNF:1
FNH:0
FNDA:0,uintStr
DA:17,0
DA:18,0
DA:20,0
DA:21,0
DA:22,0
DA:23,0
DA:24,0
DA:26,0
DA:27,0
DA:28,0
DA:29,0
DA:30,0
DA:31,0
DA:33,0
LF:14
LH:0
BRDA:17,1,0,0
BRDA:17,1,1,0
BRF:2
BRH:0
end_of_record
TN:
SF:/Users/marcoruggeri/code/NEWbegin/ethereum/ghst-staking/contracts/StkGHSTUSDC.sol
FN:20,constructor
FN:24,setMinter
FN:29,name
FN:33,symbol
FN:37,decimals
FN:41,totalSupply
FN:45,balanceOf
FN:49,transfer
FN:58,transferFrom
FN:79,approve
FN:85,increaseAllowance
FN:94,decreaseAllowance
FN:103,allowance
FN:107,mint
FN:114,burn
FNF:15
FNH:0
FNDA:0,constructor
FNDA:0,setMinter
FNDA:0,name
FNDA:0,symbol
FNDA:0,decimals
FNDA:0,totalSupply
FNDA:0,balanceOf
FNDA:0,transfer
FNDA:0,transferFrom
FNDA:0,approve
FNDA:0,increaseAllowance
FNDA:0,decreaseAllowance
FNDA:0,allowance
FNDA:0,mint
FNDA:0,burn
DA:21,0
DA:25,0
DA:26,0
DA:30,0
DA:34,0
DA:38,0
DA:42,0
DA:46,0
DA:50,0
DA:51,0
DA:52,0
DA:53,0
DA:54,0
DA:55,0
DA:63,0
DA:64,0
DA:65,0
DA:66,0
DA:67,0
DA:68,0
DA:69,0
DA:72,0
DA:73,0
DA:74,0
DA:75,0
DA:76,0
DA:80,0
DA:81,0
DA:82,0
DA:86,0
DA:87,0
DA:88,0
DA:89,0
DA:90,0
DA:91,0
DA:95,0
DA:96,0
DA:97,0
DA:98,0
DA:99,0
DA:100,0
DA:104,0
DA:108,0
DA:109,0
DA:110,0
DA:111,0
DA:115,0
DA:116,0
DA:117,0
DA:118,0
DA:119,0
DA:120,0
LF:52
LH:0
BRDA:25,1,0,0
BRDA:25,1,1,0
BRDA:51,2,0,0
BRDA:51,2,1,0
BRDA:64,3,0,0
BRDA:64,3,1,0
BRDA:66,4,0,0
BRDA:66,4,1,0
BRDA:67,5,0,0
BRDA:67,5,1,0
BRDA:72,6,0,0
BRDA:72,6,1,0
BRDA:88,7,0,0
BRDA:88,7,1,0
BRDA:96,8,0,0
BRDA:96,8,1,0
BRDA:108,9,0,0
BRDA:108,9,1,0
BRDA:115,10,0,0
BRDA:115,10,1,0
BRDA:117,11,0,0
BRDA:117,11,1,0
BRF:22
BRH:0
end_of_record
TN:
SF:/Users/marcoruggeri/code/NEWbegin/ethereum/ghst-staking/contracts/StkGHSTWETH.sol
FN:20,constructor
FN:24,setMinter
FN:29,name
FN:33,symbol
FN:37,decimals
FN:41,totalSupply
FN:45,balanceOf
FN:49,transfer
FN:58,transferFrom
FN:79,approve
FN:85,increaseAllowance
FN:94,decreaseAllowance
FN:103,allowance
FN:107,mint
FN:114,burn
FNF:15
FNH:0
FNDA:0,constructor
FNDA:0,setMinter
FNDA:0,name
FNDA:0,symbol
FNDA:0,decimals
FNDA:0,totalSupply
FNDA:0,balanceOf
FNDA:0,transfer
FNDA:0,transferFrom
FNDA:0,approve
FNDA:0,increaseAllowance
FNDA:0,decreaseAllowance
FNDA:0,allowance
FNDA:0,mint
FNDA:0,burn
DA:21,0
DA:25,0
DA:26,0
DA:30,0
DA:34,0
DA:38,0
DA:42,0
DA:46,0
DA:50,0
DA:51,0
DA:52,0
DA:53,0
DA:54,0
DA:55,0
DA:63,0
DA:64,0
DA:65,0
DA:66,0
DA:67,0
DA:68,0
DA:69,0
DA:72,0
DA:73,0
DA:74,0
DA:75,0
DA:76,0
DA:80,0
DA:81,0
DA:82,0
DA:86,0
DA:87,0
DA:88,0
DA:89,0
DA:90,0
DA:91,0
DA:95,0
DA:96,0
DA:97,0
DA:98,0
DA:99,0
DA:100,0
DA:104,0
DA:108,0
DA:109,0
DA:110,0
DA:111,0
DA:115,0
DA:116,0
DA:117,0
DA:118,0
DA:119,0
DA:120,0
LF:52
LH:0
BRDA:25,1,0,0
BRDA:25,1,1,0
BRDA:51,2,0,0
BRDA:51,2,1,0
BRDA:64,3,0,0
BRDA:64,3,1,0
BRDA:66,4,0,0
BRDA:66,4,1,0
BRDA:67,5,0,0
BRDA:67,5,1,0
BRDA:72,6,0,0
BRDA:72,6,1,0
BRDA:88,7,0,0
BRDA:88,7,1,0
BRDA:96,8,0,0
BRDA:96,8,1,0
BRDA:108,9,0,0
BRDA:108,9,1,0
BRDA:115,10,0,0
BRDA:115,10,1,0
BRDA:117,11,0,0
BRDA:117,11,1,0
BRF:22
BRH:0
end_of_record
TN:
SF:/Users/marcoruggeri/code/NEWbegin/ethereum/ghst-staking/contracts/test/GHST/AppStorage.sol
FNF:0
FNH:0
LF:0
LH:0
BRF:0
BRH:0
end_of_record
TN:
SF:/Users/marcoruggeri/code/NEWbegin/ethereum/ghst-staking/contracts/test/GHST/ERC20.sol
FN:15,name
FN:19,symbol
FN:23,decimals
FN:27,totalSupply
FN:31,balanceOf
FN:35,transfer
FN:44,approvedContracts
FN:48,transferFrom
FN:71,approve
FN:77,increaseAllowance
FN:86,decreaseAllowance
FN:95,allowance
FN:99,mint
FNF:13
FNH:0
FNDA:0,name
FNDA:0,symbol
FNDA:0,decimals
FNDA:0,totalSupply
FNDA:0,balanceOf
FNDA:0,transfer
FNDA:0,approvedContracts
FNDA:0,transferFrom
FNDA:0,approve
FNDA:0,increaseAllowance
FNDA:0,decreaseAllowance
FNDA:0,allowance
FNDA:0,mint
DA:16,0
DA:20,0
DA:24,0
DA:28,0
DA:32,0
DA:36,0
DA:37,0
DA:38,0
DA:39,0
DA:40,0
DA:41,0
DA:45,0
DA:53,0
DA:54,0
DA:57,0
DA:58,0
DA:59,0
DA:60,0
DA:61,0
DA:64,0
DA:65,0
DA:66,0
DA:67,0
DA:68,0
DA:72,0
DA:73,0
DA:74,0
DA:78,0
DA:79,0
DA:80,0
DA:81,0
DA:82,0
DA:83,0
DA:87,0
DA:88,0
DA:89,0
DA:90,0
DA:91,0
DA:92,0
DA:96,0
DA:100,0
DA:101,0
DA:102,0
DA:103,0
LF:44
LH:0
BRDA:37,1,0,0
BRDA:37,1,1,0
BRDA:54,2,0,0
BRDA:54,2,1,0
BRDA:58,3,0,0
BRDA:58,3,1,0
BRDA:59,4,0,0
BRDA:59,4,1,0
BRDA:64,5,0,0
BRDA:64,5,1,0
BRDA:80,6,0,0
BRDA:80,6,1,0
BRDA:88,7,0,0
BRDA:88,7,1,0
BRF:14
BRH:0
end_of_record
